<?xml version="1.0" encoding="UTF-8"?>
<robot generator="Robot 7.5 (Python 3.11.5 on win32)" generated="2026-09-25T13:25:00.810850" rpa="false" schemaversion="5">
<suite id="s1" name="Bes Telcel" source="C:\Telcel\Automatización\bes_telcel">
<suite id="s1-s1" name="Tests" source="C:\Telcel\Automatización\bes_telcel\Tests">
<suite id="s1-s1-s1" name="Change Primary Offer" source="C:\Telcel\Automatización\bes_telcel\Tests\Change_Primary_Offer.robot">
<test id="s1-s1-s1-t1" name="Cambio Oferta Primaria Sin Equipo" line="10">
<kw name="Leer Datos" owner="Excel" type="SETUP">
<msg time="2026-09-25T13:25:03.251599" level="INFO">${user_name} = 99909</msg>
<msg time="2026-09-25T13:25:03.252642" level="INFO">${password} = Abc1234%</msg>
<msg time="2026-09-25T13:25:03.253664" level="INFO">${menu_section} = Operaciones Integradas</msg>
<msg time="2026-09-25T13:25:03.255645" level="INFO">${menu_option} = Cambio de Oferta Primaria</msg>
<msg time="2026-09-25T13:25:03.257144" level="INFO">${search_by} = CURP</msg>
<msg time="2026-09-25T13:25:03.258149" level="INFO">${search_value} = WOHM790806MCLXYZ12</msg>
<msg time="2026-09-25T13:25:03.259663" level="INFO">${type_offer} = Cambio de plan</msg>
<msg time="2026-09-25T13:25:03.261686" level="INFO">${type_project} = NINGUNO</msg>
<msg time="2026-09-25T13:25:03.262689" level="INFO">${primary_offer} = TELCEL LIBRE 1</msg>
<msg time="2026-09-25T13:25:03.263690" level="INFO">${add_supp_offer} = NO</msg>
<msg time="2026-09-25T13:25:03.264828" level="INFO">${remove_supp_offer} = NO</msg>
<msg time="2026-09-25T13:25:03.266832" level="INFO">${supplementary_offer} = ANDROIDVM</msg>
<msg time="2026-09-25T13:25:03.272176" level="INFO">${device} = NO</msg>
<msg time="2026-09-25T13:25:03.274206" level="INFO">${new_device} = 70016568</msg>
<msg time="2026-09-25T13:25:03.276216" level="INFO">${search_device_by} = SKU</msg>
<msg time="2026-09-25T13:25:03.277730" level="INFO">${period_device} = 24</msg>
<msg time="2026-09-25T13:25:03.282501" level="INFO">${print_reason} = Solicitud del Cliente</msg>
<msg time="2026-09-25T13:25:03.284504" level="INFO">${type_print} = Impresión local</msg>
<msg time="2026-09-25T13:25:03.285493" level="INFO">['user_name', 'password', 'menu_section', 'menu_option', 'search_by', 'search_value', 'type_offer', 'type_project', 'primary_offer', 'add_supp_offer', 'remove_supp_offer', 'supplementary_offer', 'device', 'new_device', 'search_device_by', 'period_device', 'print_reason', 'type_print'] ['99909', 'Abc1234%', 'Operaciones Integradas', 'Cambio de Oferta Primaria', 'CURP', 'WOHM790806MCLXYZ12', 'Cambio de plan', 'NINGUNO', 'TELCEL LIBRE 1', 'NO', 'NO', 'ANDROIDVM', 'NO', 70016568, 'SKU', '24', 'Solicitud del Cliente', 'Impresión local']</msg>
<arg>${EXECDIR}\\Data\\Change_Primary_Offer\\TD_CPO_01</arg>
<doc>This keyword Takes one argument(Source Document) And loads data to robotframework.</doc>
<status status="PASS" start="2026-09-25T13:25:02.798705" elapsed="0.487786"/>
</kw>
<kw name="Given Login y Busqueda De Suscriptor" owner="Common">
<kw name="BES Init" owner="Login">
<kw name="Set Global Variable" owner="BuiltIn">
<msg time="2026-09-25T13:25:03.299308" level="INFO">${STEP} = Initialize Telcel BES CRM</msg>
<arg>${STEP}</arg>
<arg>Initialize Telcel BES CRM</arg>
<doc>Makes the variable available globally in all tests and suites.</doc>
<status status="PASS" start="2026-09-25T13:25:03.297742" elapsed="0.001566"/>
</kw>
<kw name="Set Test Variable" owner="BuiltIn">
<msg time="2026-09-25T13:25:03.302718" level="INFO">${step_number} = 0</msg>
<arg>${step_number}</arg>
<arg>0</arg>
<doc>Makes the variable available everywhere within the scope of the current test.</doc>
<status status="PASS" start="2026-09-25T13:25:03.300713" elapsed="0.002005"/>
</kw>
<kw name="Create Directory" owner="OperatingSystem">
<msg time="2026-09-25T13:25:03.304925" level="INFO" html="true">Directory '&lt;a href="file://C:\Telcel\Automatización\bes_telcel\results\Cambio Oferta Primaria Sin Equipo"&gt;C:\Telcel\Automatización\bes_telcel\results\Cambio Oferta Primaria Sin Equipo&lt;/a&gt;' already exists.</msg>
<arg>${OUTPUT_DIR}/${TEST_NAME}</arg>
<doc>Creates the specified directory.</doc>
<status status="PASS" start="2026-09-25T13:25:03.303819" elapsed="0.001106"/>
</kw>
<kw name="Empty Directory" owner="OperatingSystem">
<msg time="2026-09-25T13:25:03.306405" level="INFO" html="true">Listing contents of directory '&lt;a href="file://C:\Telcel\Automatización\bes_telcel\results\Cambio Oferta Primaria Sin Equipo"&gt;C:\Telcel\Automatización\bes_telcel\results\Cambio Oferta Primaria Sin Equipo&lt;/a&gt;'.</msg>
<msg time="2026-09-25T13:25:03.315362" level="INFO" html="true">Emptied directory '&lt;a href="file://C:\Telcel\Automatización\bes_telcel\results\Cambio Oferta Primaria Sin Equipo"&gt;C:\Telcel\Automatización\bes_telcel\results\Cambio Oferta Primaria Sin Equipo&lt;/a&gt;'.</msg>
<arg>${OUTPUT_DIR}/${TEST_NAME}</arg>
<doc>Deletes all the content from the given directory.</doc>
<status status="PASS" start="2026-09-25T13:25:03.304925" elapsed="0.010437"/>
</kw>
<kw name="Create Directory" owner="OperatingSystem">
<msg time="2026-09-25T13:25:03.318158" level="INFO" html="true">Directory '&lt;a href="file://C:\Telcel\Automatización\bes_telcel\results\Cambio Oferta Primaria Sin Equipo"&gt;C:\Telcel\Automatización\bes_telcel\results\Cambio Oferta Primaria Sin Equipo&lt;/a&gt;' already exists.</msg>
<arg>${OUTPUT_DIR}/${TEST_NAME}</arg>
<doc>Creates the specified directory.</doc>
<status status="PASS" start="2026-09-25T13:25:03.316691" elapsed="0.001467"/>
</kw>
<kw name="Set Screenshot Directory" owner="SeleniumLibrary">
<arg>${OUTPUT_DIR}/${TEST_NAME}</arg>
<doc>Sets the directory for captured screenshots.</doc>
<status status="PASS" start="2026-09-25T13:25:03.319668" elapsed="0.002273"/>
</kw>
<kw name="Get Time" owner="BuiltIn">
<msg time="2026-09-25T13:25:03.326169" level="INFO">${yyyy} = 2026</msg>
<msg time="2026-09-25T13:25:03.327679" level="INFO">${mon} = 09</msg>
<msg time="2026-09-25T13:25:03.327679" level="INFO">${dd} = 25</msg>
<msg time="2026-09-25T13:25:03.328915" level="INFO">${hh} = 13</msg>
<msg time="2026-09-25T13:25:03.328915" level="INFO">${mm} = 25</msg>
<var>${yyyy}</var>
<var>${mon}</var>
<var>${dd}</var>
<var>${hh}</var>
<var>${mm}</var>
<arg>year,month,day,hour,minute</arg>
<doc>Returns the given time in the requested format.</doc>
<status status="PASS" start="2026-09-25T13:25:03.324113" elapsed="0.008097"/>
</kw>
<kw name="Set Global Variable" owner="BuiltIn">
<msg time="2026-09-25T13:25:03.339610" level="INFO">${TS_Number} = 202609251325</msg>
<arg>${TS_Number}</arg>
<arg>${yyyy}${mon}${dd}${hh}${mm}</arg>
<doc>Makes the variable available globally in all tests and suites.</doc>
<status status="PASS" start="2026-09-25T13:25:03.332591" elapsed="0.011112"/>
</kw>
<kw name="Login BES" owner="Login">
<kw name="Open Page With Retry" owner="Login">
<kw name="Create Chrome options" owner="Login">
<kw name="Evaluate" owner="BuiltIn">
<msg time="2026-09-25T13:25:03.356673" level="INFO">${options} = &lt;selenium.webdriver.chrome.options.Options object at 0x000002738C4422D0&gt;</msg>
<var>${options}</var>
<arg>sys.modules['selenium.webdriver'].ChromeOptions()</arg>
<arg>sys, selenium.webdriver</arg>
<doc>Evaluates the given expression in Python and returns the result.</doc>
<status status="PASS" start="2026-09-25T13:25:03.355153" elapsed="0.002738"/>
</kw>
<kw name="Set Variable" owner="BuiltIn">
<msg time="2026-09-25T13:25:03.359401" level="INFO">${headless} = --headless=new</msg>
<var>${headless}</var>
<arg>--headless=new</arg>
<doc>Returns the given values which can then be assigned to a variable.</doc>
<status status="PASS" start="2026-09-25T13:25:03.357891" elapsed="0.003536"/>
</kw>
<kw name="Set Variable" owner="BuiltIn">
<msg time="2026-09-25T13:25:03.364016" level="INFO">${windows_size} = --window-size=1920,1080</msg>
<var>${windows_size}</var>
<arg>--window-size=1920,1080</arg>
<doc>Returns the given values which can then be assigned to a variable.</doc>
<status status="PASS" start="2026-09-25T13:25:03.362431" elapsed="0.001585"/>
</kw>
<kw name="Set Variable" owner="BuiltIn">
<msg time="2026-09-25T13:25:03.366097" level="INFO">${scale} = --force-device-scale-factor=0.75</msg>
<var>${scale}</var>
<arg>--force-device-scale-factor=0.75</arg>
<doc>Returns the given values which can then be assigned to a variable.</doc>
<status status="PASS" start="2026-09-25T13:25:03.365099" elapsed="0.008567"/>
</kw>
<kw name="Call Method" owner="BuiltIn">
<arg>${options}</arg>
<arg>add_argument</arg>
<arg>--ignore-certificate-errors</arg>
<doc>Calls the named method of the given object with the provided arguments.</doc>
<status status="PASS" start="2026-09-25T13:25:03.375675" elapsed="0.007241"/>
</kw>
<kw name="Call Method" owner="BuiltIn">
<arg>${options}</arg>
<arg>add_argument</arg>
<arg>--incognito</arg>
<doc>Calls the named method of the given object with the provided arguments.</doc>
<status status="PASS" start="2026-09-25T13:25:03.385573" elapsed="0.005755"/>
</kw>
<kw name="Call Method" owner="BuiltIn">
<arg>${options}</arg>
<arg>add_argument</arg>
<arg>--disable-gpu</arg>
<doc>Calls the named method of the given object with the provided arguments.</doc>
<status status="PASS" start="2026-09-25T13:25:03.391328" elapsed="0.004029"/>
</kw>
<kw name="Call Method" owner="BuiltIn">
<arg>${options}</arg>
<arg>add_argument</arg>
<arg>${windows_size}</arg>
<doc>Calls the named method of the given object with the provided arguments.</doc>
<status status="PASS" start="2026-09-25T13:25:03.395357" elapsed="0.005729"/>
</kw>
<kw name="Call Method" owner="BuiltIn">
<arg>${options}</arg>
<arg>add_argument</arg>
<arg>${scale}</arg>
<doc>Calls the named method of the given object with the provided arguments.</doc>
<status status="PASS" start="2026-09-25T13:25:03.402087" elapsed="0.000997"/>
</kw>
<kw name="Call Method" owner="BuiltIn">
<arg>${options}</arg>
<arg>add_argument</arg>
<arg>--no-sandbox</arg>
<doc>Calls the named method of the given object with the provided arguments.</doc>
<status status="PASS" start="2026-09-25T13:25:03.404084" elapsed="0.004354"/>
</kw>
<kw name="Call Method" owner="BuiltIn">
<arg>${options}</arg>
<arg>add_argument</arg>
<arg>--disable-dev-shm-usage</arg>
<doc>Calls the named method of the given object with the provided arguments.</doc>
<status status="PASS" start="2026-09-25T13:25:03.409435" elapsed="0.002531"/>
</kw>
<return>
<value>${options}</value>
<status status="PASS" start="2026-09-25T13:25:03.411966" elapsed="0.002331"/>
</return>
<msg time="2026-09-25T13:25:03.416318" level="INFO">${capabilities} = &lt;selenium.webdriver.chrome.options.Options object at 0x000002738C4422D0&gt;</msg>
<var>${capabilities}</var>
<status status="PASS" start="2026-09-25T13:25:03.353134" elapsed="0.064709"/>
</kw>
<for flavor="IN RANGE">
<iter>
<kw name="Log To Console" owner="BuiltIn">
<arg>Inicio de pagina BES CRM Intento: ${i+1}</arg>
<doc>Logs the given message to the console.</doc>
<status status="PASS" start="2026-09-25T13:25:03.422416" elapsed="0.017238"/>
</kw>
<kw name="Open Browser" owner="SeleniumLibrary">
<msg time="2026-09-25T13:25:03.441497" level="INFO">Opening browser 'Chrome' to base url 'https://10.59.10.213/oc/bes/sm/portal/home.html'.</msg>
<arg>${url}</arg>
<arg>${browser_opt}</arg>
<arg>options=${capabilities}</arg>
<doc>Opens a new browser instance to the optional ``url``.</doc>
<status status="PASS" start="2026-09-25T13:25:03.441497" elapsed="9.643425"/>
</kw>
<kw name="Maximize Browser Window" owner="SeleniumLibrary">
<doc>Maximizes current browser window.</doc>
<status status="PASS" start="2026-09-25T13:25:13.085916" elapsed="0.237106"/>
</kw>
<kw name="Run Keyword And Return Status" owner="BuiltIn">
<kw name="Wait Until Element Is Visible" owner="SeleniumLibrary">
<arg>${locator}</arg>
<arg>timeout=30s</arg>
<doc>Waits until the element ``locator`` is visible.</doc>
<status status="PASS" start="2026-09-25T13:25:13.326045" elapsed="0.093261"/>
</kw>
<msg time="2026-09-25T13:25:13.419306" level="INFO">${status} = True</msg>
<var>${status}</var>
<arg>Wait Until Element Is Visible</arg>
<arg>${locator}</arg>
<arg>timeout=30s</arg>
<doc>Runs the specified keyword and returns the status as a Boolean value.</doc>
<status status="PASS" start="2026-09-25T13:25:13.324045" elapsed="0.096415"/>
</kw>
<if>
<branch type="IF" condition="${status}">
<kw name="Log To Console" owner="BuiltIn">
<arg>Inicio correcto de CRM BES</arg>
<doc>Logs the given message to the console.</doc>
<status status="PASS" start="2026-09-25T13:25:13.423012" elapsed="0.003022"/>
</kw>
<return>
<status status="PASS" start="2026-09-25T13:25:13.426034" elapsed="0.000000"/>
</return>
<status status="PASS" start="2026-09-25T13:25:13.421506" elapsed="0.004528"/>
</branch>
<status status="PASS" start="2026-09-25T13:25:13.420460" elapsed="0.005574"/>
</if>
<kw name="Log To Console" owner="BuiltIn">
<arg>Re-Try Open a New Window...</arg>
<doc>Logs the given message to the console.</doc>
<status status="NOT RUN" start="2026-09-25T13:25:13.428316" elapsed="0.000000"/>
</kw>
<var name="${i}">0</var>
<status status="PASS" start="2026-09-25T13:25:03.419354" elapsed="10.008962"/>
</iter>
<var>${i}</var>
<value>${retries}</value>
<status status="PASS" start="2026-09-25T13:25:03.417843" elapsed="10.010473"/>
</for>
<kw name="Fail" owner="BuiltIn">
<arg>No cargó la página</arg>
<doc>Fails the test or task with the given message and optionally alters its tags.</doc>
<status status="NOT RUN" start="2026-09-25T13:25:13.429312" elapsed="0.000506"/>
</kw>
<arg>${SYSTEM}[URL]</arg>
<arg>${SYSTEM}[BROWSER]</arg>
<arg>${LOGIN}[BTN_SIGNIN]</arg>
<doc>Abre el navegador con capabilities y retrys</doc>
<status status="PASS" start="2026-09-25T13:25:03.349445" elapsed="10.080373"/>
</kw>
<kw name="Step" owner="Utils">
<kw name="Evaluate" owner="BuiltIn">
<msg time="2026-09-25T13:25:13.433703" level="INFO">${STEP_NUMBER} = 1</msg>
<var>${STEP_NUMBER}</var>
<arg>${STEP_NUMBER} + 1</arg>
<doc>Evaluates the given expression in Python and returns the result.</doc>
<status status="PASS" start="2026-09-25T13:25:13.432489" elapsed="0.002221"/>
</kw>
<kw name="Set Suite Variable" owner="BuiltIn">
<msg time="2026-09-25T13:25:13.435714" level="INFO">${STEP_NUMBER} = 1</msg>
<arg>${STEP_NUMBER}</arg>
<doc>Makes the variable available everywhere within the scope of the current suite.</doc>
<status status="PASS" start="2026-09-25T13:25:13.434710" elapsed="0.001004"/>
</kw>
<kw name="Get Time" owner="BuiltIn">
<msg time="2026-09-25T13:25:13.438055" level="INFO">${timestamp} = 2026-09-25 13:25:13</msg>
<var>${timestamp}</var>
<arg>result_format=%Y%m%d_%H%M%S</arg>
<doc>Returns the given time in the requested format.</doc>
<status status="PASS" start="2026-09-25T13:25:13.436830" elapsed="0.001225"/>
</kw>
<kw name="Log To Console" owner="BuiltIn">
<arg>▶ Step ${STEP_NUMBER}: ${description}</arg>
<doc>Logs the given message to the console.</doc>
<status status="PASS" start="2026-09-25T13:25:13.439564" elapsed="0.002029"/>
</kw>
<kw name="Replace String Using Regexp" owner="String">
<msg time="2026-09-25T13:25:13.442664" level="INFO">${file_name} = 1_2026-09-25_13_25_13_Abre_navegador_en_CRM_BES.png</msg>
<var>${file_name}</var>
<arg>${STEP_NUMBER}_${timestamp}_${description}.png</arg>
<arg>[^a-zA-Z0-9_.-]</arg>
<arg>_</arg>
<doc>Replaces `pattern` in the given `string` with `replace_with`.</doc>
<status status="PASS" start="2026-09-25T13:25:13.442664" elapsed="0.001003"/>
</kw>
<kw name="Capture Page Screenshot" owner="SeleniumLibrary">
<msg time="2026-09-25T13:25:13.658545" level="INFO" html="true">&lt;/td&gt;&lt;/tr&gt;&lt;tr&gt;&lt;td colspan="3"&gt;&lt;a href="Cambio%20Oferta%20Primaria%20Sin%20Equipo/1_2026-09-25_13_25_13_Abre_navegador_en_CRM_BES.png"&gt;&lt;img src="Cambio%20Oferta%20Primaria%20Sin%20Equipo/1_2026-09-25_13_25_13_Abre_navegador_en_CRM_BES.png" width="800px"&gt;&lt;/a&gt;</msg>
<arg>${file_name}</arg>
<doc>Takes a screenshot of the current page and embeds it into a log file.</doc>
<status status="PASS" start="2026-09-25T13:25:13.443667" elapsed="0.231763"/>
</kw>
<arg>Abre navegador en CRM BES</arg>
<doc>Keyword que saca el numero de paso y captura evidencia
reemplazando el capture page screenshoot</doc>
<status status="PASS" start="2026-09-25T13:25:13.430999" elapsed="0.245678"/>
</kw>
<kw name="Input Text" owner="SeleniumLibrary">
<msg time="2026-09-25T13:25:13.684901" level="INFO">Typing text '99909' into text field '//input[@id="ipt_name"]'.</msg>
<arg>${LOGIN}[USERNAME]</arg>
<arg>${user_name}</arg>
<doc>Types the given ``text`` into the text field identified by ``locator``.</doc>
<status status="PASS" start="2026-09-25T13:25:13.677684" elapsed="0.174398"/>
</kw>
<kw name="Input Text" owner="SeleniumLibrary">
<msg time="2026-09-25T13:25:13.854278" level="INFO">Typing text 'Abc1234%' into text field '//input[@type="password"]'.</msg>
<arg>${LOGIN}[PASSWORD]</arg>
<arg>${password}</arg>
<doc>Types the given ``text`` into the text field identified by ``locator``.</doc>
<status status="PASS" start="2026-09-25T13:25:13.853284" elapsed="0.154906"/>
</kw>
<kw name="verify_element_is_present" owner="Utils">
<kw name="Run Keyword And Ignore Error" owner="BuiltIn">
<kw name="Wait Until Element Is Visible" owner="SeleniumLibrary">
<arg>${locator}</arg>
<arg>15s</arg>
<doc>Waits until the element ``locator`` is visible.</doc>
<status status="PASS" start="2026-09-25T13:25:14.010722" elapsed="0.054236"/>
</kw>
<msg time="2026-09-25T13:25:14.064958" level="INFO">${status1} = PASS</msg>
<msg time="2026-09-25T13:25:14.064958" level="INFO">${value1} = None</msg>
<var>${status1}</var>
<var>${value1}</var>
<arg>Wait Until Element Is Visible</arg>
<arg>${locator}</arg>
<arg>15s</arg>
<doc>Runs the given keyword with the given arguments and ignores possible errorw.</doc>
<status status="PASS" start="2026-09-25T13:25:14.009700" elapsed="0.055258"/>
</kw>
<kw name="Run Keyword And Ignore Error" owner="BuiltIn">
<kw name="Scroll Element Into View" owner="SeleniumLibrary">
<arg>${locator}</arg>
<doc>Scrolls the element identified by ``locator`` into view.</doc>
<status status="PASS" start="2026-09-25T13:25:14.066316" elapsed="0.279944"/>
</kw>
<msg time="2026-09-25T13:25:14.346260" level="INFO">${status2} = PASS</msg>
<msg time="2026-09-25T13:25:14.346260" level="INFO">${value2} = None</msg>
<var>${status2}</var>
<var>${value2}</var>
<arg>Scroll Element Into View</arg>
<arg>${locator}</arg>
<doc>Runs the given keyword with the given arguments and ignores possible errorw.</doc>
<status status="PASS" start="2026-09-25T13:25:14.066316" elapsed="0.279944"/>
</kw>
<kw name="Run Keyword If" owner="BuiltIn">
<arg>'${status1}' == 'FAIL' and '${status2}' == 'FAIL'</arg>
<arg>Run Keywords</arg>
<arg>Log</arg>
<arg>Element not found: ${locator}</arg>
<arg>AND</arg>
<arg>Fail</arg>
<arg>Element not found: ${locator}</arg>
<doc>Runs the given keyword with the given arguments, if `condition` is true.</doc>
<status status="PASS" start="2026-09-25T13:25:14.346260" elapsed="0.000000"/>
</kw>
<kw name="Get WebElement" owner="SeleniumLibrary">
<msg time="2026-09-25T13:25:14.359286" level="INFO">${WebElement} = &lt;selenium.webdriver.remote.webelement.WebElement (session="7305778a154c90a0efcd23902aa67b85", element="f.4A6B1A6805C836ECDB5611B087A7EEB5.d.43CD9E8C25BAEAFD2EE8FE12F519BB9A.e.31")&gt;</msg>
<var>${WebElement}</var>
<arg>${locator}</arg>
<doc>Returns the first WebElement matching the given ``locator``.</doc>
<status status="PASS" start="2026-09-25T13:25:14.350509" elapsed="0.010519"/>
</kw>
<kw name="Highlight" owner="Yggdrasil">
<arg>${WebElement}</arg>
<doc>Highlights (blinks) a Selenium Webdriver element</doc>
<status status="PASS" start="2026-09-25T13:25:14.363037" elapsed="0.226692"/>
</kw>
<return>
<value>${status1}</value>
<status status="PASS" start="2026-09-25T13:25:14.590770" elapsed="0.000000"/>
</return>
<arg>${LOGIN}[BTN_SIGNIN]</arg>
<status status="PASS" start="2026-09-25T13:25:14.008190" elapsed="0.583594"/>
</kw>
<kw name="Step" owner="Utils">
<kw name="Evaluate" owner="BuiltIn">
<msg time="2026-09-25T13:25:14.593827" level="INFO">${STEP_NUMBER} = 2</msg>
<var>${STEP_NUMBER}</var>
<arg>${STEP_NUMBER} + 1</arg>
<doc>Evaluates the given expression in Python and returns the result.</doc>
<status status="PASS" start="2026-09-25T13:25:14.592819" elapsed="0.001008"/>
</kw>
<kw name="Set Suite Variable" owner="BuiltIn">
<msg time="2026-09-25T13:25:14.599401" level="INFO">${STEP_NUMBER} = 2</msg>
<arg>${STEP_NUMBER}</arg>
<doc>Makes the variable available everywhere within the scope of the current suite.</doc>
<status status="PASS" start="2026-09-25T13:25:14.595889" elapsed="0.004550"/>
</kw>
<kw name="Get Time" owner="BuiltIn">
<msg time="2026-09-25T13:25:14.607954" level="INFO">${timestamp} = 2026-09-25 13:25:14</msg>
<var>${timestamp}</var>
<arg>result_format=%Y%m%d_%H%M%S</arg>
<doc>Returns the given time in the requested format.</doc>
<status status="PASS" start="2026-09-25T13:25:14.601435" elapsed="0.014664"/>
</kw>
<kw name="Log To Console" owner="BuiltIn">
<arg>▶ Step ${STEP_NUMBER}: ${description}</arg>
<doc>Logs the given message to the console.</doc>
<status status="PASS" start="2026-09-25T13:25:14.617613" elapsed="0.006669"/>
</kw>
<kw name="Replace String Using Regexp" owner="String">
<msg time="2026-09-25T13:25:14.625283" level="INFO">${file_name} = 2_2026-09-25_13_25_14_Login_BES.png</msg>
<var>${file_name}</var>
<arg>${STEP_NUMBER}_${timestamp}_${description}.png</arg>
<arg>[^a-zA-Z0-9_.-]</arg>
<arg>_</arg>
<doc>Replaces `pattern` in the given `string` with `replace_with`.</doc>
<status status="PASS" start="2026-09-25T13:25:14.624282" elapsed="0.001001"/>
</kw>
<kw name="Capture Page Screenshot" owner="SeleniumLibrary">
<msg time="2026-09-25T13:25:14.791616" level="INFO" html="true">&lt;/td&gt;&lt;/tr&gt;&lt;tr&gt;&lt;td colspan="3"&gt;&lt;a href="Cambio%20Oferta%20Primaria%20Sin%20Equipo/2_2026-09-25_13_25_14_Login_BES.png"&gt;&lt;img src="Cambio%20Oferta%20Primaria%20Sin%20Equipo/2_2026-09-25_13_25_14_Login_BES.png" width="800px"&gt;&lt;/a&gt;</msg>
<arg>${file_name}</arg>
<doc>Takes a screenshot of the current page and embeds it into a log file.</doc>
<status status="PASS" start="2026-09-25T13:25:14.626279" elapsed="0.166422"/>
</kw>
<arg>Login BES</arg>
<doc>Keyword que saca el numero de paso y captura evidencia
reemplazando el capture page screenshoot</doc>
<status status="PASS" start="2026-09-25T13:25:14.591784" elapsed="0.200917"/>
</kw>
<kw name="Click Button" owner="SeleniumLibrary">
<msg time="2026-09-25T13:25:14.793969" level="INFO">Clicking button '//button[@id="loginBtn"]'.</msg>
<arg>${LOGIN}[BTN_SIGNIN]</arg>
<doc>Clicks the button identified by ``locator``.</doc>
<status status="PASS" start="2026-09-25T13:25:14.792701" elapsed="0.125282"/>
</kw>
<kw name="Run Keyword And Return Status" owner="BuiltIn">
<kw name="verify_element_is_present" owner="Utils">
<kw name="Run Keyword And Ignore Error" owner="BuiltIn">
<kw name="Wait Until Element Is Visible" owner="SeleniumLibrary">
<msg time="2026-09-25T13:25:33.119645" level="INFO" html="true">&lt;/td&gt;&lt;/tr&gt;&lt;tr&gt;&lt;td colspan="3"&gt;&lt;a href="Cambio%20Oferta%20Primaria%20Sin%20Equipo/selenium-screenshot-1.png"&gt;&lt;img src="Cambio%20Oferta%20Primaria%20Sin%20Equipo/selenium-screenshot-1.png" width="800px"&gt;&lt;/a&gt;</msg>
<msg time="2026-09-25T13:25:33.121806" level="FAIL">Element '//div[@id='tip_footdiv']//div[@title='¡Bienvenido al sistema!']' not visible after 15 seconds.</msg>
<arg>${locator}</arg>
<arg>15s</arg>
<doc>Waits until the element ``locator`` is visible.</doc>
<status status="FAIL" start="2026-09-25T13:25:14.926644" elapsed="18.218610">Element '//div[@id='tip_footdiv']//div[@title='¡Bienvenido al sistema!']' not visible after 15 seconds.</status>
</kw>
<msg time="2026-09-25T13:25:33.146471" level="INFO">${status1} = FAIL</msg>
<msg time="2026-09-25T13:25:33.146471" level="INFO">${value1} = Element '//div[@id='tip_footdiv']//div[@title='¡Bienvenido al sistema!']' not visible after 15 seconds.</msg>
<var>${status1}</var>
<var>${value1}</var>
<arg>Wait Until Element Is Visible</arg>
<arg>${locator}</arg>
<arg>15s</arg>
<doc>Runs the given keyword with the given arguments and ignores possible errorw.</doc>
<status status="PASS" start="2026-09-25T13:25:14.925651" elapsed="18.222306"/>
</kw>
<kw name="Run Keyword And Ignore Error" owner="BuiltIn">
<kw name="Scroll Element Into View" owner="SeleniumLibrary">
<msg time="2026-09-25T13:25:33.265856" level="INFO" html="true">&lt;/td&gt;&lt;/tr&gt;&lt;tr&gt;&lt;td colspan="3"&gt;&lt;a href="Cambio%20Oferta%20Primaria%20Sin%20Equipo/selenium-screenshot-2.png"&gt;&lt;img src="Cambio%20Oferta%20Primaria%20Sin%20Equipo/selenium-screenshot-2.png" width="800px"&gt;&lt;/a&gt;</msg>
<msg time="2026-09-25T13:25:33.296622" level="FAIL">Element with locator '//div[@id='tip_footdiv']//div[@title='¡Bienvenido al sistema!']' not found.</msg>
<arg>${locator}</arg>
<doc>Scrolls the element identified by ``locator`` into view.</doc>
<status status="FAIL" start="2026-09-25T13:25:33.149465" elapsed="0.216073">Element with locator '//div[@id='tip_footdiv']//div[@title='¡Bienvenido al sistema!']' not found.</status>
</kw>
<msg time="2026-09-25T13:25:33.371597" level="INFO">${status2} = FAIL</msg>
<msg time="2026-09-25T13:25:33.373603" level="INFO">${value2} = Element with locator '//div[@id='tip_footdiv']//div[@title='¡Bienvenido al sistema!']' not found.</msg>
<var>${status2}</var>
<var>${value2}</var>
<arg>Scroll Element Into View</arg>
<arg>${locator}</arg>
<doc>Runs the given keyword with the given arguments and ignores possible errorw.</doc>
<status status="PASS" start="2026-09-25T13:25:33.147957" elapsed="0.241595"/>
</kw>
<kw name="Run Keyword If" owner="BuiltIn">
<kw name="Run Keywords" owner="BuiltIn">
<kw name="Log" owner="BuiltIn">
<msg time="2026-09-25T13:25:33.423399" level="INFO">Element not found: //div[@id='tip_footdiv']//div[@title='¡Bienvenido al sistema!']</msg>
<arg>Element not found: ${locator}</arg>
<doc>Logs the given message with the given level.</doc>
<status status="PASS" start="2026-09-25T13:25:33.421396" elapsed="0.003001"/>
</kw>
<kw name="Fail" owner="BuiltIn">
<msg time="2026-09-25T13:25:33.431448" level="FAIL">Element not found: //div[@id='tip_footdiv']//div[@title='¡Bienvenido al sistema!']</msg>
<arg>Element not found: ${locator}</arg>
<doc>Fails the test or task with the given message and optionally alters its tags.</doc>
<status status="FAIL" start="2026-09-25T13:25:33.427893" elapsed="0.011541">Element not found: //div[@id='tip_footdiv']//div[@title='¡Bienvenido al sistema!']</status>
</kw>
<arg>Log</arg>
<arg>Element not found: ${locator}</arg>
<arg>AND</arg>
<arg>Fail</arg>
<arg>Element not found: ${locator}</arg>
<doc>Executes all the given keywords in a sequence.</doc>
<status status="FAIL" start="2026-09-25T13:25:33.416864" elapsed="0.026008">Element not found: //div[@id='tip_footdiv']//div[@title='¡Bienvenido al sistema!']</status>
</kw>
<arg>'${status1}' == 'FAIL' and '${status2}' == 'FAIL'</arg>
<arg>Run Keywords</arg>
<arg>Log</arg>
<arg>Element not found: ${locator}</arg>
<arg>AND</arg>
<arg>Fail</arg>
<arg>Element not found: ${locator}</arg>
<doc>Runs the given keyword with the given arguments, if `condition` is true.</doc>
<status status="FAIL" start="2026-09-25T13:25:33.403120" elapsed="0.040748">Element not found: //div[@id='tip_footdiv']//div[@title='¡Bienvenido al sistema!']</status>
</kw>
<kw name="Get WebElement" owner="SeleniumLibrary">
<var>${WebElement}</var>
<arg>${locator}</arg>
<doc>Returns the first WebElement matching the given ``locator``.</doc>
<status status="NOT RUN" start="2026-09-25T13:25:33.444867" elapsed="0.000000"/>
</kw>
<kw name="Highlight" owner="Yggdrasil">
<arg>${WebElement}</arg>
<doc>Highlights (blinks) a Selenium Webdriver element</doc>
<status status="NOT RUN" start="2026-09-25T13:25:33.445863" elapsed="0.000000"/>
</kw>
<return>
<value>${status1}</value>
<status status="NOT RUN" start="2026-09-25T13:25:33.445863" elapsed="0.000999"/>
</return>
<arg>${LOGIN}[MSG_WELCOME]</arg>
<status status="FAIL" start="2026-09-25T13:25:14.924652" elapsed="18.522210">Element not found: //div[@id='tip_footdiv']//div[@title='¡Bienvenido al sistema!']</status>
</kw>
<msg time="2026-09-25T13:25:33.447865" level="INFO">${status} = False</msg>
<var>${status}</var>
<arg>verify_element_is_present</arg>
<arg>${LOGIN}[MSG_WELCOME]</arg>
<doc>Runs the specified keyword and returns the status as a Boolean value.</doc>
<status status="PASS" start="2026-09-25T13:25:14.919543" elapsed="18.533852"/>
</kw>
<kw name="Sleep" owner="BuiltIn">
<msg time="2026-09-25T13:25:37.473529" level="INFO">Slept 4 seconds.</msg>
<arg>4s</arg>
<doc>Pauses execution for the given time.</doc>
<status status="PASS" start="2026-09-25T13:25:33.455390" elapsed="4.019177"/>
</kw>
<kw name="Run Keyword If" owner="BuiltIn">
<arg>'${status}'=='True'</arg>
<arg>Step</arg>
<arg>acceso correcto a BES CRM</arg>
<doc>Runs the given keyword with the given arguments, if `condition` is true.</doc>
<status status="PASS" start="2026-09-25T13:25:37.474899" elapsed="0.001000"/>
</kw>
<kw name="Wait Until Element Is Not Visible" owner="SeleniumLibrary">
<arg>${LOGIN}[MSG_WELCOME]</arg>
<arg>${SYSTEM}[TIMEOUT_10]</arg>
<doc>Waits until the element ``locator`` is not visible.</doc>
<status status="PASS" start="2026-09-25T13:25:37.477266" elapsed="16.016313"/>
</kw>
<doc>Open Browser and log in to the application.</doc>
<status status="PASS" start="2026-09-25T13:25:03.345725" elapsed="50.147854"/>
</kw>
<doc>Close all open sessions to later open a new session,
go to BES and log in to the application.</doc>
<status status="PASS" start="2026-09-25T13:25:03.295013" elapsed="50.198566"/>
</kw>
<kw name="Navigation Main Menu" owner="Navigation">
<kw name="Wait Until Element Is Visible" owner="SeleniumLibrary">
<arg>${NAVIGATION}[MAIN_MENU]</arg>
<arg>${SYSTEM}[TIMEOUT_5]</arg>
<doc>Waits until the element ``locator`` is visible.</doc>
<status status="PASS" start="2026-09-25T13:25:53.495854" elapsed="0.022872"/>
</kw>
<kw name="Click Element" owner="SeleniumLibrary">
<msg time="2026-09-25T13:25:53.519737" level="INFO">Clicking element '//a[@id="logoDiv"]/preceding::span'.</msg>
<arg>${NAVIGATION}[MAIN_MENU]</arg>
<doc>Click the element identified by ``locator``.</doc>
<status status="PASS" start="2026-09-25T13:25:53.518726" elapsed="0.108898"/>
</kw>
<kw name="Replace Values" owner="Yggdrasil">
<msg time="2026-09-25T13:25:53.634765" level="INFO">${l_menu} = //span[contains(text(),"Operaciones Integradas")] | //div[(text()="Operaciones Integradas")]</msg>
<var>${l_menu}</var>
<arg>${NAVIGATION}[MENU_SECTION]</arg>
<arg>${menu_section}</arg>
<doc>Replaces ``value`` in the given ``text``.</doc>
<status status="PASS" start="2026-09-25T13:25:53.633771" elapsed="0.000994"/>
</kw>
<kw name="verify_element_is_present" owner="Utils">
<kw name="Run Keyword And Ignore Error" owner="BuiltIn">
<kw name="Wait Until Element Is Visible" owner="SeleniumLibrary">
<arg>${locator}</arg>
<arg>15s</arg>
<doc>Waits until the element ``locator`` is visible.</doc>
<status status="PASS" start="2026-09-25T13:25:53.646323" elapsed="0.109598"/>
</kw>
<msg time="2026-09-25T13:25:53.755921" level="INFO">${status1} = PASS</msg>
<msg time="2026-09-25T13:25:53.757116" level="INFO">${value1} = None</msg>
<var>${status1}</var>
<var>${value1}</var>
<arg>Wait Until Element Is Visible</arg>
<arg>${locator}</arg>
<arg>15s</arg>
<doc>Runs the given keyword with the given arguments and ignores possible errorw.</doc>
<status status="PASS" start="2026-09-25T13:25:53.639464" elapsed="0.117652"/>
</kw>
<kw name="Run Keyword And Ignore Error" owner="BuiltIn">
<kw name="Scroll Element Into View" owner="SeleniumLibrary">
<arg>${locator}</arg>
<doc>Scrolls the element identified by ``locator`` into view.</doc>
<status status="PASS" start="2026-09-25T13:25:53.762674" elapsed="0.467621"/>
</kw>
<msg time="2026-09-25T13:25:54.230295" level="INFO">${status2} = PASS</msg>
<msg time="2026-09-25T13:25:54.232300" level="INFO">${value2} = None</msg>
<var>${status2}</var>
<var>${value2}</var>
<arg>Scroll Element Into View</arg>
<arg>${locator}</arg>
<doc>Runs the given keyword with the given arguments and ignores possible errorw.</doc>
<status status="PASS" start="2026-09-25T13:25:53.758120" elapsed="0.476052"/>
</kw>
<kw name="Run Keyword If" owner="BuiltIn">
<arg>'${status1}' == 'FAIL' and '${status2}' == 'FAIL'</arg>
<arg>Run Keywords</arg>
<arg>Log</arg>
<arg>Element not found: ${locator}</arg>
<arg>AND</arg>
<arg>Fail</arg>
<arg>Element not found: ${locator}</arg>
<doc>Runs the given keyword with the given arguments, if `condition` is true.</doc>
<status status="PASS" start="2026-09-25T13:25:54.235468" elapsed="0.001309"/>
</kw>
<kw name="Get WebElement" owner="SeleniumLibrary">
<msg time="2026-09-25T13:25:54.507838" level="INFO">${WebElement} = &lt;selenium.webdriver.remote.webelement.WebElement (session="7305778a154c90a0efcd23902aa67b85", element="f.4A6B1A6805C836ECDB5611B087A7EEB5.d.81541ECBE6E061A350E139D4ED024F7B.e.94")&gt;</msg>
<var>${WebElement}</var>
<arg>${locator}</arg>
<doc>Returns the first WebElement matching the given ``locator``.</doc>
<status status="PASS" start="2026-09-25T13:25:54.237785" elapsed="0.271090"/>
</kw>
<kw name="Highlight" owner="Yggdrasil">
<arg>${WebElement}</arg>
<doc>Highlights (blinks) a Selenium Webdriver element</doc>
<status status="PASS" start="2026-09-25T13:25:54.508875" elapsed="0.407839"/>
</kw>
<return>
<value>${status1}</value>
<status status="PASS" start="2026-09-25T13:25:54.916714" elapsed="0.001012"/>
</return>
<arg>${l_menu}</arg>
<status status="PASS" start="2026-09-25T13:25:53.635999" elapsed="1.281727"/>
</kw>
<kw name="Step" owner="Utils">
<kw name="Evaluate" owner="BuiltIn">
<msg time="2026-09-25T13:25:54.931764" level="INFO">${STEP_NUMBER} = 3</msg>
<var>${STEP_NUMBER}</var>
<arg>${STEP_NUMBER} + 1</arg>
<doc>Evaluates the given expression in Python and returns the result.</doc>
<status status="PASS" start="2026-09-25T13:25:54.927030" elapsed="0.007064"/>
</kw>
<kw name="Set Suite Variable" owner="BuiltIn">
<msg time="2026-09-25T13:25:54.936343" level="INFO">${STEP_NUMBER} = 3</msg>
<arg>${STEP_NUMBER}</arg>
<doc>Makes the variable available everywhere within the scope of the current suite.</doc>
<status status="PASS" start="2026-09-25T13:25:54.935111" elapsed="0.002741"/>
</kw>
<kw name="Get Time" owner="BuiltIn">
<msg time="2026-09-25T13:25:54.939698" level="INFO">${timestamp} = 2026-09-25 13:25:54</msg>
<var>${timestamp}</var>
<arg>result_format=%Y%m%d_%H%M%S</arg>
<doc>Returns the given time in the requested format.</doc>
<status status="PASS" start="2026-09-25T13:25:54.937852" elapsed="0.001846"/>
</kw>
<kw name="Log To Console" owner="BuiltIn">
<arg>▶ Step ${STEP_NUMBER}: ${description}</arg>
<doc>Logs the given message to the console.</doc>
<status status="PASS" start="2026-09-25T13:25:54.939698" elapsed="0.003034"/>
</kw>
<kw name="Replace String Using Regexp" owner="String">
<msg time="2026-09-25T13:25:54.944004" level="INFO">${file_name} = 3_2026-09-25_13_25_54_Seleccion_de_menu_Operaciones_Integradas.png</msg>
<var>${file_name}</var>
<arg>${STEP_NUMBER}_${timestamp}_${description}.png</arg>
<arg>[^a-zA-Z0-9_.-]</arg>
<arg>_</arg>
<doc>Replaces `pattern` in the given `string` with `replace_with`.</doc>
<status status="PASS" start="2026-09-25T13:25:54.942732" elapsed="0.001272"/>
</kw>
<kw name="Capture Page Screenshot" owner="SeleniumLibrary">
<msg time="2026-09-25T13:25:55.036811" level="INFO" html="true">&lt;/td&gt;&lt;/tr&gt;&lt;tr&gt;&lt;td colspan="3"&gt;&lt;a href="Cambio%20Oferta%20Primaria%20Sin%20Equipo/3_2026-09-25_13_25_54_Seleccion_de_menu_Operaciones_Integradas.png"&gt;&lt;img src="Cambio%20Oferta%20Primaria%20Sin%20Equipo/3_2026-09-25_13_25_54_Seleccion_de_menu_Operaciones_Integradas.png" width="800px"&gt;&lt;/a&gt;</msg>
<arg>${file_name}</arg>
<doc>Takes a screenshot of the current page and embeds it into a log file.</doc>
<status status="PASS" start="2026-09-25T13:25:54.944004" elapsed="0.094117"/>
</kw>
<arg>Seleccion de menu ${MenuSection}</arg>
<doc>Keyword que saca el numero de paso y captura evidencia
reemplazando el capture page screenshoot</doc>
<status status="PASS" start="2026-09-25T13:25:54.918732" elapsed="0.119389"/>
</kw>
<kw name="Click Element" owner="SeleniumLibrary">
<msg time="2026-09-25T13:25:55.041799" level="INFO">Clicking element '//span[contains(text(),"Operaciones Integradas")] | //div[(text()="Operaciones Integradas")]'.</msg>
<arg>${l_menu}</arg>
<doc>Click the element identified by ``locator``.</doc>
<status status="PASS" start="2026-09-25T13:25:55.040796" elapsed="0.073687"/>
</kw>
<kw name="Replace Values" owner="Yggdrasil">
<msg time="2026-09-25T13:25:55.118011" level="INFO">${l_submenu} = //a[@title='Cambio de Oferta Primaria']</msg>
<var>${l_submenu}</var>
<arg>${NAVIGATION}[MENU_OPTION]</arg>
<arg>${menu_option}</arg>
<doc>Replaces ``value`` in the given ``text``.</doc>
<status status="PASS" start="2026-09-25T13:25:55.114483" elapsed="0.003528"/>
</kw>
<kw name="verify_element_is_present" owner="Utils">
<kw name="Run Keyword And Ignore Error" owner="BuiltIn">
<kw name="Wait Until Element Is Visible" owner="SeleniumLibrary">
<arg>${locator}</arg>
<arg>15s</arg>
<doc>Waits until the element ``locator`` is visible.</doc>
<status status="PASS" start="2026-09-25T13:25:55.124570" elapsed="0.022977"/>
</kw>
<msg time="2026-09-25T13:25:55.149014" level="INFO">${status1} = PASS</msg>
<msg time="2026-09-25T13:25:55.149014" level="INFO">${value1} = None</msg>
<var>${status1}</var>
<var>${value1}</var>
<arg>Wait Until Element Is Visible</arg>
<arg>${locator}</arg>
<arg>15s</arg>
<doc>Runs the given keyword with the given arguments and ignores possible errorw.</doc>
<status status="PASS" start="2026-09-25T13:25:55.123573" elapsed="0.025946"/>
</kw>
<kw name="Run Keyword And Ignore Error" owner="BuiltIn">
<kw name="Scroll Element Into View" owner="SeleniumLibrary">
<arg>${locator}</arg>
<doc>Scrolls the element identified by ``locator`` into view.</doc>
<status status="PASS" start="2026-09-25T13:25:55.151628" elapsed="0.285579"/>
</kw>
<msg time="2026-09-25T13:25:55.437207" level="INFO">${status2} = PASS</msg>
<msg time="2026-09-25T13:25:55.437207" level="INFO">${value2} = None</msg>
<var>${status2}</var>
<var>${value2}</var>
<arg>Scroll Element Into View</arg>
<arg>${locator}</arg>
<doc>Runs the given keyword with the given arguments and ignores possible errorw.</doc>
<status status="PASS" start="2026-09-25T13:25:55.149519" elapsed="0.287688"/>
</kw>
<kw name="Run Keyword If" owner="BuiltIn">
<arg>'${status1}' == 'FAIL' and '${status2}' == 'FAIL'</arg>
<arg>Run Keywords</arg>
<arg>Log</arg>
<arg>Element not found: ${locator}</arg>
<arg>AND</arg>
<arg>Fail</arg>
<arg>Element not found: ${locator}</arg>
<doc>Runs the given keyword with the given arguments, if `condition` is true.</doc>
<status status="PASS" start="2026-09-25T13:25:55.438459" elapsed="0.000999"/>
</kw>
<kw name="Get WebElement" owner="SeleniumLibrary">
<msg time="2026-09-25T13:25:55.448380" level="INFO">${WebElement} = &lt;selenium.webdriver.remote.webelement.WebElement (session="7305778a154c90a0efcd23902aa67b85", element="f.4A6B1A6805C836ECDB5611B087A7EEB5.d.81541ECBE6E061A350E139D4ED024F7B.e.101")&gt;</msg>
<var>${WebElement}</var>
<arg>${locator}</arg>
<doc>Returns the first WebElement matching the given ``locator``.</doc>
<status status="PASS" start="2026-09-25T13:25:55.439458" elapsed="0.008922"/>
</kw>
<kw name="Highlight" owner="Yggdrasil">
<arg>${WebElement}</arg>
<doc>Highlights (blinks) a Selenium Webdriver element</doc>
<status status="PASS" start="2026-09-25T13:25:55.449375" elapsed="0.541293"/>
</kw>
<return>
<value>${status1}</value>
<status status="PASS" start="2026-09-25T13:25:55.990668" elapsed="0.001004"/>
</return>
<arg>${l_submenu}</arg>
<status status="PASS" start="2026-09-25T13:25:55.119529" elapsed="0.873150"/>
</kw>
<kw name="Step" owner="Utils">
<kw name="Evaluate" owner="BuiltIn">
<msg time="2026-09-25T13:25:55.999660" level="INFO">${STEP_NUMBER} = 4</msg>
<var>${STEP_NUMBER}</var>
<arg>${STEP_NUMBER} + 1</arg>
<doc>Evaluates the given expression in Python and returns the result.</doc>
<status status="PASS" start="2026-09-25T13:25:55.997661" elapsed="0.001999"/>
</kw>
<kw name="Set Suite Variable" owner="BuiltIn">
<msg time="2026-09-25T13:25:56.014680" level="INFO">${STEP_NUMBER} = 4</msg>
<arg>${STEP_NUMBER}</arg>
<doc>Makes the variable available everywhere within the scope of the current suite.</doc>
<status status="PASS" start="2026-09-25T13:25:56.002058" elapsed="0.013775"/>
</kw>
<kw name="Get Time" owner="BuiltIn">
<msg time="2026-09-25T13:25:56.016829" level="INFO">${timestamp} = 2026-09-25 13:25:56</msg>
<var>${timestamp}</var>
<arg>result_format=%Y%m%d_%H%M%S</arg>
<doc>Returns the given time in the requested format.</doc>
<status status="PASS" start="2026-09-25T13:25:56.015833" elapsed="0.002472"/>
</kw>
<kw name="Log To Console" owner="BuiltIn">
<arg>▶ Step ${STEP_NUMBER}: ${description}</arg>
<doc>Logs the given message to the console.</doc>
<status status="PASS" start="2026-09-25T13:25:56.018305" elapsed="0.007904"/>
</kw>
<kw name="Replace String Using Regexp" owner="String">
<msg time="2026-09-25T13:25:56.049766" level="INFO">${file_name} = 4_2026-09-25_13_25_56_Seleccion_de_flujo_Cambio_de_Oferta_Primaria.png</msg>
<var>${file_name}</var>
<arg>${STEP_NUMBER}_${timestamp}_${description}.png</arg>
<arg>[^a-zA-Z0-9_.-]</arg>
<arg>_</arg>
<doc>Replaces `pattern` in the given `string` with `replace_with`.</doc>
<status status="PASS" start="2026-09-25T13:25:56.027728" elapsed="0.022038"/>
</kw>
<kw name="Capture Page Screenshot" owner="SeleniumLibrary">
<msg time="2026-09-25T13:25:56.199462" level="INFO" html="true">&lt;/td&gt;&lt;/tr&gt;&lt;tr&gt;&lt;td colspan="3"&gt;&lt;a href="Cambio%20Oferta%20Primaria%20Sin%20Equipo/4_2026-09-25_13_25_56_Seleccion_de_flujo_Cambio_de_Oferta_Primaria.png"&gt;&lt;img src="Cambio%20Oferta%20Primaria%20Sin%20Equipo/4_2026-09-25_13_25_56_Seleccion_de_flujo_Cambio_de_Oferta_Primaria.png" width="800px"&gt;&lt;/a&gt;</msg>
<arg>${file_name}</arg>
<doc>Takes a screenshot of the current page and embeds it into a log file.</doc>
<status status="PASS" start="2026-09-25T13:25:56.052726" elapsed="0.148148"/>
</kw>
<arg>Seleccion de flujo ${MenuOption}</arg>
<doc>Keyword que saca el numero de paso y captura evidencia
reemplazando el capture page screenshoot</doc>
<status status="PASS" start="2026-09-25T13:25:55.994671" elapsed="0.206203"/>
</kw>
<kw name="Click Element" owner="SeleniumLibrary">
<msg time="2026-09-25T13:25:56.204431" level="INFO">Clicking element '//a[@title='Cambio de Oferta Primaria']'.</msg>
<arg>${l_submenu}</arg>
<doc>Click the element identified by ``locator``.</doc>
<status status="PASS" start="2026-09-25T13:25:56.201926" elapsed="0.116007"/>
</kw>
<kw name="Sleep" owner="BuiltIn">
<msg time="2026-09-25T13:26:04.343566" level="INFO">Slept 8 seconds.</msg>
<arg>8s</arg>
<doc>Pauses execution for the given time.</doc>
<status status="PASS" start="2026-09-25T13:25:56.328308" elapsed="8.018249"/>
</kw>
<doc>Select the main menu option received using the arguments
${First_Option} - Select the main options in the menu (Gestion de la Ordes, Operaciones Integradas y Gestion de IPCC)
${Second_Option} - Select the sub menu option you wish to enter, example: ...    ${First_Option} - Select the two main options in the menu (Integrated Options or IPCC Management)
${Second_Option} - Select the menu option you wish to enter, example: Vista 360 Grados</doc>
<status status="PASS" start="2026-09-25T13:25:53.494576" elapsed="10.853491"/>
</kw>
<kw name="Search Customer With One Parameter" owner="Search_Customer">
<kw name="Search Customer Placeholder" owner="Search_Customer">
<kw name="get_actual_frame" owner="Utils">
<kw name="Run Keyword And Ignore Error" owner="BuiltIn">
<kw name="Unselect Frame" owner="SeleniumLibrary">
<doc>Sets the main frame as the current frame.</doc>
<status status="PASS" start="2026-09-25T13:26:04.394483" elapsed="0.005021"/>
</kw>
<arg>Unselect Frame</arg>
<doc>Runs the given keyword with the given arguments and ignores possible errorw.</doc>
<status status="PASS" start="2026-09-25T13:26:04.393487" elapsed="0.006017"/>
</kw>
<kw name="Wait Until Element Is Enabled" owner="SeleniumLibrary">
<arg>${NAVIGATION}[IFR_CONTAINER]</arg>
<arg>${SYSTEM}[TIMEOUT_500]</arg>
<doc>Waits until the element ``locator`` is enabled.</doc>
<status status="PASS" start="2026-09-25T13:26:04.399504" elapsed="0.098213"/>
</kw>
<kw name="Get Element Count" owner="SeleniumLibrary">
<msg time="2026-09-25T13:26:04.525607" level="INFO">${count} = 2</msg>
<var>${count}</var>
<arg>${NAVIGATION}[IFR_CONTAINER]</arg>
<doc>Returns the number of elements matching ``locator``.</doc>
<status status="PASS" start="2026-09-25T13:26:04.497717" elapsed="0.027890"/>
</kw>
<kw name="Convert To String" owner="BuiltIn">
<msg time="2026-09-25T13:26:04.533787" level="INFO">${value} = 2</msg>
<var>${value}</var>
<arg>${count}</arg>
<doc>Converts the given item to a Unicode string.</doc>
<status status="PASS" start="2026-09-25T13:26:04.531781" elapsed="0.007147"/>
</kw>
<kw name="Replace Values" owner="Yggdrasil">
<msg time="2026-09-25T13:26:04.540516" level="INFO">${l_iframe} = //iframe[2]</msg>
<var>${l_iframe}</var>
<arg>${IFRAME_LIST}[IFRAME]</arg>
<arg>${value}</arg>
<doc>Replaces ``value`` in the given ``text``.</doc>
<status status="PASS" start="2026-09-25T13:26:04.539498" elapsed="0.002017"/>
</kw>
<kw name="Get Element Attribute" owner="SeleniumLibrary">
<msg time="2026-09-25T13:26:04.573271" level="INFO">${source} = https://10.59.10.213/oc/resource.root/bes/omni/standard/artificial/html/customerauth/customerauth.html?menuid=6013120160524101&amp;build=undefined</msg>
<var>${source}</var>
<arg>${l_iframe}</arg>
<arg>src</arg>
<doc>Returns the value of ``attribute`` from the element ``locator``.</doc>
<status status="PASS" start="2026-09-25T13:26:04.542520" elapsed="0.030751"/>
</kw>
<kw name="Wait Until Element Is Visible" owner="SeleniumLibrary">
<arg>${l_iframe}</arg>
<arg>${SYSTEM}[TIMEOUT_500]</arg>
<doc>Waits until the element ``locator`` is visible.</doc>
<status status="PASS" start="2026-09-25T13:26:04.573271" elapsed="0.021138"/>
</kw>
<kw name="Wait Until Keyword Succeeds" owner="BuiltIn">
<kw name="Select Frame" owner="SeleniumLibrary">
<msg time="2026-09-25T13:26:04.596408" level="INFO">Selecting frame '//iframe[2]'.</msg>
<arg>${l_iframe}</arg>
<doc>Sets frame identified by ``locator`` as the current frame.</doc>
<status status="PASS" start="2026-09-25T13:26:04.596408" elapsed="0.045077"/>
</kw>
<arg>5x</arg>
<arg>1min</arg>
<arg>Select Frame</arg>
<arg>${l_iframe}</arg>
<doc>Runs the specified keyword and retries if it fails.</doc>
<status status="PASS" start="2026-09-25T13:26:04.594409" elapsed="0.048079"/>
</kw>
<status status="PASS" start="2026-09-25T13:26:04.391485" elapsed="0.251003"/>
</kw>
<kw name="Wait Until Element Is Visible" owner="SeleniumLibrary">
<arg>${SEARCH_INFORMATION}[LABEL]</arg>
<arg>${SYSTEM}[TIMEOUT_30]</arg>
<doc>Waits until the element ``locator`` is visible.</doc>
<status status="PASS" start="2026-09-25T13:26:04.642488" elapsed="0.021146"/>
</kw>
<kw name="Replace String" owner="String">
<msg time="2026-09-25T13:26:04.665103" level="INFO">${SEARCH_CUSTOMER_BY} = //label[@title='CURP']/following-sibling::div//input</msg>
<var>${SEARCH_CUSTOMER_BY}</var>
<arg>${SEARCH_INFORMATION}[SEARCH_PLACEHOLDER]</arg>
<arg>{}</arg>
<arg>${search_by}</arg>
<doc>Replaces `search_for` in the given `string` with `replace_with`.</doc>
<status status="PASS" start="2026-09-25T13:26:04.665103" elapsed="0.000000"/>
</kw>
<kw name="verify_element_is_present" owner="Utils">
<kw name="Run Keyword And Ignore Error" owner="BuiltIn">
<kw name="Wait Until Element Is Visible" owner="SeleniumLibrary">
<arg>${locator}</arg>
<arg>15s</arg>
<doc>Waits until the element ``locator`` is visible.</doc>
<status status="PASS" start="2026-09-25T13:26:04.669463" elapsed="0.026182"/>
</kw>
<msg time="2026-09-25T13:26:04.695645" level="INFO">${status1} = PASS</msg>
<msg time="2026-09-25T13:26:04.696818" level="INFO">${value1} = None</msg>
<var>${status1}</var>
<var>${value1}</var>
<arg>Wait Until Element Is Visible</arg>
<arg>${locator}</arg>
<arg>15s</arg>
<doc>Runs the given keyword with the given arguments and ignores possible errorw.</doc>
<status status="PASS" start="2026-09-25T13:26:04.668091" elapsed="0.028727"/>
</kw>
<kw name="Run Keyword And Ignore Error" owner="BuiltIn">
<kw name="Scroll Element Into View" owner="SeleniumLibrary">
<arg>${locator}</arg>
<doc>Scrolls the element identified by ``locator`` into view.</doc>
<status status="PASS" start="2026-09-25T13:26:04.697819" elapsed="0.304639"/>
</kw>
<msg time="2026-09-25T13:26:05.003112" level="INFO">${status2} = PASS</msg>
<msg time="2026-09-25T13:26:05.003112" level="INFO">${value2} = None</msg>
<var>${status2}</var>
<var>${value2}</var>
<arg>Scroll Element Into View</arg>
<arg>${locator}</arg>
<doc>Runs the given keyword with the given arguments and ignores possible errorw.</doc>
<status status="PASS" start="2026-09-25T13:26:04.696818" elapsed="0.306294"/>
</kw>
<kw name="Run Keyword If" owner="BuiltIn">
<arg>'${status1}' == 'FAIL' and '${status2}' == 'FAIL'</arg>
<arg>Run Keywords</arg>
<arg>Log</arg>
<arg>Element not found: ${locator}</arg>
<arg>AND</arg>
<arg>Fail</arg>
<arg>Element not found: ${locator}</arg>
<doc>Runs the given keyword with the given arguments, if `condition` is true.</doc>
<status status="PASS" start="2026-09-25T13:26:05.004151" elapsed="0.001995"/>
</kw>
<kw name="Get WebElement" owner="SeleniumLibrary">
<msg time="2026-09-25T13:26:05.024705" level="INFO">${WebElement} = &lt;selenium.webdriver.remote.webelement.WebElement (session="7305778a154c90a0efcd23902aa67b85", element="f.553F7D363D919463C82D7406EE88ECC7.d.A2747B88C62FBB777DC3C352D7FE966E.e.198")&gt;</msg>
<var>${WebElement}</var>
<arg>${locator}</arg>
<doc>Returns the first WebElement matching the given ``locator``.</doc>
<status status="PASS" start="2026-09-25T13:26:05.006146" elapsed="0.018559"/>
</kw>
<kw name="Highlight" owner="Yggdrasil">
<arg>${WebElement}</arg>
<doc>Highlights (blinks) a Selenium Webdriver element</doc>
<status status="PASS" start="2026-09-25T13:26:05.024705" elapsed="0.231825"/>
</kw>
<return>
<value>${status1}</value>
<status status="PASS" start="2026-09-25T13:26:05.257642" elapsed="0.000000"/>
</return>
<arg>${SEARCH_CUSTOMER_BY}</arg>
<status status="PASS" start="2026-09-25T13:26:04.666579" elapsed="0.592065"/>
</kw>
<kw name="Input Text" owner="SeleniumLibrary">
<msg time="2026-09-25T13:26:05.261169" level="INFO">Typing text 'WOHM790806MCLXYZ12' into text field '//label[@title='CURP']/following-sibling::div//input'.</msg>
<arg>${SEARCH_CUSTOMER_BY}</arg>
<arg>${search_value}</arg>
<doc>Types the given ``text`` into the text field identified by ``locator``.</doc>
<status status="PASS" start="2026-09-25T13:26:05.258644" elapsed="0.275810"/>
</kw>
<kw name="Step" owner="Utils">
<kw name="Evaluate" owner="BuiltIn">
<msg time="2026-09-25T13:26:05.545659" level="INFO">${STEP_NUMBER} = 5</msg>
<var>${STEP_NUMBER}</var>
<arg>${STEP_NUMBER} + 1</arg>
<doc>Evaluates the given expression in Python and returns the result.</doc>
<status status="PASS" start="2026-09-25T13:26:05.544660" elapsed="0.003406"/>
</kw>
<kw name="Set Suite Variable" owner="BuiltIn">
<msg time="2026-09-25T13:26:05.554857" level="INFO">${STEP_NUMBER} = 5</msg>
<arg>${STEP_NUMBER}</arg>
<doc>Makes the variable available everywhere within the scope of the current suite.</doc>
<status status="PASS" start="2026-09-25T13:26:05.548066" elapsed="0.008004"/>
</kw>
<kw name="Get Time" owner="BuiltIn">
<msg time="2026-09-25T13:26:05.558377" level="INFO">${timestamp} = 2026-09-25 13:26:05</msg>
<var>${timestamp}</var>
<arg>result_format=%Y%m%d_%H%M%S</arg>
<doc>Returns the given time in the requested format.</doc>
<status status="PASS" start="2026-09-25T13:26:05.556070" elapsed="0.003307"/>
</kw>
<kw name="Log To Console" owner="BuiltIn">
<arg>▶ Step ${STEP_NUMBER}: ${description}</arg>
<doc>Logs the given message to the console.</doc>
<status status="PASS" start="2026-09-25T13:26:05.559377" elapsed="0.002479"/>
</kw>
<kw name="Replace String Using Regexp" owner="String">
<msg time="2026-09-25T13:26:05.563970" level="INFO">${file_name} = 5_2026-09-25_13_26_05_Busqueda_por_CURP_el_Suscriptor_WOHM790806MCLXYZ12.png</msg>
<var>${file_name}</var>
<arg>${STEP_NUMBER}_${timestamp}_${description}.png</arg>
<arg>[^a-zA-Z0-9_.-]</arg>
<arg>_</arg>
<doc>Replaces `pattern` in the given `string` with `replace_with`.</doc>
<status status="PASS" start="2026-09-25T13:26:05.562853" elapsed="0.001117"/>
</kw>
<kw name="Capture Page Screenshot" owner="SeleniumLibrary">
<msg time="2026-09-25T13:26:05.653223" level="INFO" html="true">&lt;/td&gt;&lt;/tr&gt;&lt;tr&gt;&lt;td colspan="3"&gt;&lt;a href="Cambio%20Oferta%20Primaria%20Sin%20Equipo/5_2026-09-25_13_26_05_Busqueda_por_CURP_el_Suscriptor_WOHM790806MCLXYZ12.png"&gt;&lt;img src="Cambio%20Oferta%20Primaria%20Sin%20Equipo/5_2026-09-25_13_26_05_Busqueda_por_CURP_el_Suscriptor_WOHM790806MCLXYZ12.png" width="800px"&gt;&lt;/a&gt;</msg>
<arg>${file_name}</arg>
<doc>Takes a screenshot of the current page and embeds it into a log file.</doc>
<status status="PASS" start="2026-09-25T13:26:05.564976" elapsed="0.088247"/>
</kw>
<arg>Busqueda por ${search_by} el Suscriptor ${search_value}</arg>
<doc>Keyword que saca el numero de paso y captura evidencia
reemplazando el capture page screenshoot</doc>
<status status="PASS" start="2026-09-25T13:26:05.536452" elapsed="0.116771"/>
</kw>
<kw name="Click Element" owner="SeleniumLibrary">
<msg time="2026-09-25T13:26:05.655677" level="INFO">Clicking element '//button[contains(.,"Buscar")]'.</msg>
<arg>${BUTTON}[SEARCH]</arg>
<doc>Click the element identified by ``locator``.</doc>
<status status="PASS" start="2026-09-25T13:26:05.654658" elapsed="0.142569"/>
</kw>
<kw name="Select Customer From List" owner="Search_Customer">
<kw name="verify_element_is_present" owner="Utils">
<kw name="Run Keyword And Ignore Error" owner="BuiltIn">
<kw name="Wait Until Element Is Visible" owner="SeleniumLibrary">
<arg>${locator}</arg>
<arg>15s</arg>
<doc>Waits until the element ``locator`` is visible.</doc>
<status status="PASS" start="2026-09-25T13:26:05.816558" elapsed="0.049471"/>
</kw>
<msg time="2026-09-25T13:26:05.866029" level="INFO">${status1} = PASS</msg>
<msg time="2026-09-25T13:26:05.867538" level="INFO">${value1} = None</msg>
<var>${status1}</var>
<var>${value1}</var>
<arg>Wait Until Element Is Visible</arg>
<arg>${locator}</arg>
<arg>15s</arg>
<doc>Runs the given keyword with the given arguments and ignores possible errorw.</doc>
<status status="PASS" start="2026-09-25T13:26:05.806372" elapsed="0.061166"/>
</kw>
<kw name="Run Keyword And Ignore Error" owner="BuiltIn">
<kw name="Scroll Element Into View" owner="SeleniumLibrary">
<arg>${locator}</arg>
<doc>Scrolls the element identified by ``locator`` into view.</doc>
<status status="PASS" start="2026-09-25T13:26:05.871895" elapsed="0.314586"/>
</kw>
<msg time="2026-09-25T13:26:06.186481" level="INFO">${status2} = PASS</msg>
<msg time="2026-09-25T13:26:06.186481" level="INFO">${value2} = None</msg>
<var>${status2}</var>
<var>${value2}</var>
<arg>Scroll Element Into View</arg>
<arg>${locator}</arg>
<doc>Runs the given keyword with the given arguments and ignores possible errorw.</doc>
<status status="PASS" start="2026-09-25T13:26:05.868542" elapsed="0.317939"/>
</kw>
<kw name="Run Keyword If" owner="BuiltIn">
<arg>'${status1}' == 'FAIL' and '${status2}' == 'FAIL'</arg>
<arg>Run Keywords</arg>
<arg>Log</arg>
<arg>Element not found: ${locator}</arg>
<arg>AND</arg>
<arg>Fail</arg>
<arg>Element not found: ${locator}</arg>
<doc>Runs the given keyword with the given arguments, if `condition` is true.</doc>
<status status="PASS" start="2026-09-25T13:26:06.188627" elapsed="0.000999"/>
</kw>
<kw name="Get WebElement" owner="SeleniumLibrary">
<msg time="2026-09-25T13:26:06.197541" level="INFO">${WebElement} = &lt;selenium.webdriver.remote.webelement.WebElement (session="7305778a154c90a0efcd23902aa67b85", element="f.553F7D363D919463C82D7406EE88ECC7.d.A2747B88C62FBB777DC3C352D7FE966E.e.220")&gt;</msg>
<var>${WebElement}</var>
<arg>${locator}</arg>
<doc>Returns the first WebElement matching the given ``locator``.</doc>
<status status="PASS" start="2026-09-25T13:26:06.189626" elapsed="0.008948"/>
</kw>
<kw name="Highlight" owner="Yggdrasil">
<arg>${WebElement}</arg>
<doc>Highlights (blinks) a Selenium Webdriver element</doc>
<status status="PASS" start="2026-09-25T13:26:06.198574" elapsed="0.231981"/>
</kw>
<return>
<value>${status1}</value>
<status status="PASS" start="2026-09-25T13:26:06.431484" elapsed="0.000000"/>
</return>
<arg>${CUSTOMER}[LBL_TOTAL]</arg>
<status status="PASS" start="2026-09-25T13:26:05.803368" elapsed="0.628116"/>
</kw>
<kw name="Run Keyword And Return Status" owner="BuiltIn">
<kw name="Wait Until Element Is Visible" owner="SeleniumLibrary">
<arg>${CUSTOMER}[NUM]</arg>
<arg>${SYSTEM}[TIMEOUT_10]</arg>
<doc>Waits until the element ``locator`` is visible.</doc>
<status status="PASS" start="2026-09-25T13:26:06.433489" elapsed="0.024794"/>
</kw>
<msg time="2026-09-25T13:26:06.458283" level="INFO">${status} = True</msg>
<var>${status}</var>
<arg>Wait Until Element Is Visible</arg>
<arg>${CUSTOMER}[NUM]</arg>
<arg>${SYSTEM}[TIMEOUT_10]</arg>
<doc>Runs the specified keyword and returns the status as a Boolean value.</doc>
<status status="PASS" start="2026-09-25T13:26:06.433489" elapsed="0.026351"/>
</kw>
<kw name="Run Keyword If" owner="BuiltIn">
<arg>'${status}'=='False'</arg>
<arg>Scroll Element Into View</arg>
<arg>${CUSTOMER}[NUM]</arg>
<doc>Runs the given keyword with the given arguments, if `condition` is true.</doc>
<status status="PASS" start="2026-09-25T13:26:06.460971" elapsed="0.004369"/>
</kw>
<kw name="Get Text" owner="SeleniumLibrary">
<msg time="2026-09-25T13:26:06.498435" level="INFO">${l_num} = 1</msg>
<var>${l_num}</var>
<arg>${CUSTOMER}[NUM]</arg>
<doc>Returns the text value of the element identified by ``locator``.</doc>
<status status="PASS" start="2026-09-25T13:26:06.465340" elapsed="0.034086"/>
</kw>
<kw name="Step" owner="Utils">
<kw name="Evaluate" owner="BuiltIn">
<msg time="2026-09-25T13:26:06.503025" level="INFO">${STEP_NUMBER} = 6</msg>
<var>${STEP_NUMBER}</var>
<arg>${STEP_NUMBER} + 1</arg>
<doc>Evaluates the given expression in Python and returns the result.</doc>
<status status="PASS" start="2026-09-25T13:26:06.501970" elapsed="0.001055"/>
</kw>
<kw name="Set Suite Variable" owner="BuiltIn">
<msg time="2026-09-25T13:26:06.504029" level="INFO">${STEP_NUMBER} = 6</msg>
<arg>${STEP_NUMBER}</arg>
<doc>Makes the variable available everywhere within the scope of the current suite.</doc>
<status status="PASS" start="2026-09-25T13:26:06.503025" elapsed="0.002389"/>
</kw>
<kw name="Get Time" owner="BuiltIn">
<msg time="2026-09-25T13:26:06.510516" level="INFO">${timestamp} = 2026-09-25 13:26:06</msg>
<var>${timestamp}</var>
<arg>result_format=%Y%m%d_%H%M%S</arg>
<doc>Returns the given time in the requested format.</doc>
<status status="PASS" start="2026-09-25T13:26:06.506520" elapsed="0.004995"/>
</kw>
<kw name="Log To Console" owner="BuiltIn">
<arg>▶ Step ${STEP_NUMBER}: ${description}</arg>
<doc>Logs the given message to the console.</doc>
<status status="PASS" start="2026-09-25T13:26:06.511515" elapsed="0.003412"/>
</kw>
<kw name="Replace String Using Regexp" owner="String">
<msg time="2026-09-25T13:26:06.515922" level="INFO">${file_name} = 6_2026-09-25_13_26_06_Seleccion_del_primer_cliente_de_la_lista.png</msg>
<var>${file_name}</var>
<arg>${STEP_NUMBER}_${timestamp}_${description}.png</arg>
<arg>[^a-zA-Z0-9_.-]</arg>
<arg>_</arg>
<doc>Replaces `pattern` in the given `string` with `replace_with`.</doc>
<status status="PASS" start="2026-09-25T13:26:06.515922" elapsed="0.000997"/>
</kw>
<kw name="Capture Page Screenshot" owner="SeleniumLibrary">
<msg time="2026-09-25T13:26:06.603944" level="INFO" html="true">&lt;/td&gt;&lt;/tr&gt;&lt;tr&gt;&lt;td colspan="3"&gt;&lt;a href="Cambio%20Oferta%20Primaria%20Sin%20Equipo/6_2026-09-25_13_26_06_Seleccion_del_primer_cliente_de_la_lista.png"&gt;&lt;img src="Cambio%20Oferta%20Primaria%20Sin%20Equipo/6_2026-09-25_13_26_06_Seleccion_del_primer_cliente_de_la_lista.png" width="800px"&gt;&lt;/a&gt;</msg>
<arg>${file_name}</arg>
<doc>Takes a screenshot of the current page and embeds it into a log file.</doc>
<status status="PASS" start="2026-09-25T13:26:06.518328" elapsed="0.086613"/>
</kw>
<arg>Seleccion del primer cliente de la lista</arg>
<doc>Keyword que saca el numero de paso y captura evidencia
reemplazando el capture page screenshoot</doc>
<status status="PASS" start="2026-09-25T13:26:06.499426" elapsed="0.105515"/>
</kw>
<if>
<branch type="IF" condition="${l_num} &gt; 0">
<kw name="verify_element_is_present" owner="Utils">
<kw name="Run Keyword And Ignore Error" owner="BuiltIn">
<kw name="Wait Until Element Is Visible" owner="SeleniumLibrary">
<arg>${locator}</arg>
<arg>15s</arg>
<doc>Waits until the element ``locator`` is visible.</doc>
<status status="PASS" start="2026-09-25T13:26:06.607936" elapsed="0.011517"/>
</kw>
<msg time="2026-09-25T13:26:06.619453" level="INFO">${status1} = PASS</msg>
<msg time="2026-09-25T13:26:06.619453" level="INFO">${value1} = None</msg>
<var>${status1}</var>
<var>${value1}</var>
<arg>Wait Until Element Is Visible</arg>
<arg>${locator}</arg>
<arg>15s</arg>
<doc>Runs the given keyword with the given arguments and ignores possible errorw.</doc>
<status status="PASS" start="2026-09-25T13:26:06.606936" elapsed="0.012517"/>
</kw>
<kw name="Run Keyword And Ignore Error" owner="BuiltIn">
<kw name="Scroll Element Into View" owner="SeleniumLibrary">
<arg>${locator}</arg>
<doc>Scrolls the element identified by ``locator`` into view.</doc>
<status status="PASS" start="2026-09-25T13:26:06.629462" elapsed="0.288493"/>
</kw>
<msg time="2026-09-25T13:26:06.917955" level="INFO">${status2} = PASS</msg>
<msg time="2026-09-25T13:26:06.917955" level="INFO">${value2} = None</msg>
<var>${status2}</var>
<var>${value2}</var>
<arg>Scroll Element Into View</arg>
<arg>${locator}</arg>
<doc>Runs the given keyword with the given arguments and ignores possible errorw.</doc>
<status status="PASS" start="2026-09-25T13:26:06.619453" elapsed="0.300307"/>
</kw>
<kw name="Run Keyword If" owner="BuiltIn">
<arg>'${status1}' == 'FAIL' and '${status2}' == 'FAIL'</arg>
<arg>Run Keywords</arg>
<arg>Log</arg>
<arg>Element not found: ${locator}</arg>
<arg>AND</arg>
<arg>Fail</arg>
<arg>Element not found: ${locator}</arg>
<doc>Runs the given keyword with the given arguments, if `condition` is true.</doc>
<status status="PASS" start="2026-09-25T13:26:06.919760" elapsed="0.002026"/>
</kw>
<kw name="Get WebElement" owner="SeleniumLibrary">
<msg time="2026-09-25T13:26:06.929582" level="INFO">${WebElement} = &lt;selenium.webdriver.remote.webelement.WebElement (session="7305778a154c90a0efcd23902aa67b85", element="f.553F7D363D919463C82D7406EE88ECC7.d.A2747B88C62FBB777DC3C352D7FE966E.e.224")&gt;</msg>
<var>${WebElement}</var>
<arg>${locator}</arg>
<doc>Returns the first WebElement matching the given ``locator``.</doc>
<status status="PASS" start="2026-09-25T13:26:06.921786" elapsed="0.007796"/>
</kw>
<kw name="Highlight" owner="Yggdrasil">
<arg>${WebElement}</arg>
<doc>Highlights (blinks) a Selenium Webdriver element</doc>
<status status="PASS" start="2026-09-25T13:26:06.929582" elapsed="0.232200"/>
</kw>
<return>
<value>${status1}</value>
<status status="PASS" start="2026-09-25T13:26:07.161782" elapsed="0.000000"/>
</return>
<arg>${BUTTON}[SELECT]</arg>
<status status="PASS" start="2026-09-25T13:26:06.605937" elapsed="0.555845"/>
</kw>
<kw name="Click Element" owner="SeleniumLibrary">
<msg time="2026-09-25T13:26:07.163129" level="INFO">Clicking element '//button[contains(.,"Seleccionar")]'.</msg>
<arg>${BUTTON}[SELECT]</arg>
<doc>Click the element identified by ``locator``.</doc>
<status status="PASS" start="2026-09-25T13:26:07.163129" elapsed="0.301332"/>
</kw>
<status status="PASS" start="2026-09-25T13:26:06.604941" elapsed="0.859520"/>
</branch>
<branch type="ELSE">
<kw name="Element No Exist" owner="Search_Customer">
<arg>${CUSTOMER}[NOT_FOUND]</arg>
<status status="NOT RUN" start="2026-09-25T13:26:07.464461" elapsed="0.001000"/>
</kw>
<status status="NOT RUN" start="2026-09-25T13:26:07.464461" elapsed="0.001000"/>
</branch>
<status status="PASS" start="2026-09-25T13:26:06.604941" elapsed="0.860520"/>
</if>
<status status="PASS" start="2026-09-25T13:26:05.798231" elapsed="1.667230"/>
</kw>
<doc>Busca el cliente por el WOHM790806MCLXYZ12</doc>
<status status="PASS" start="2026-09-25T13:26:04.381559" elapsed="3.083902"/>
</kw>
<doc>Search a customer using one parameter, the parameter is received as an argument.</doc>
<status status="PASS" start="2026-09-25T13:26:04.357906" elapsed="3.107555"/>
</kw>
<kw name="Validate ABE web" owner="Utils">
<kw name="Sleep" owner="BuiltIn">
<msg time="2026-09-25T13:26:17.468342" level="INFO">Slept 10 seconds.</msg>
<arg>10s</arg>
<doc>Pauses execution for the given time.</doc>
<status status="PASS" start="2026-09-25T13:26:07.466458" elapsed="10.001884"/>
</kw>
<kw name="Run Keyword And Return Status" owner="BuiltIn">
<kw name="Switch Window" owner="SeleniumLibrary">
<arg>NEW</arg>
<arg>15s</arg>
<doc>Switches to browser window matching ``locator``.</doc>
<status status="PASS" start="2026-09-25T13:26:17.471868" elapsed="0.016685"/>
</kw>
<msg time="2026-09-25T13:26:17.488553" level="INFO">${status} = True</msg>
<var>${status}</var>
<arg>Switch Window</arg>
<arg>NEW</arg>
<arg>15s</arg>
<doc>Runs the specified keyword and returns the status as a Boolean value.</doc>
<status status="PASS" start="2026-09-25T13:26:17.468342" elapsed="0.020211"/>
</kw>
<kw name="Run Keyword If" owner="BuiltIn">
<kw name="Close Fingerprint" owner="close_fingerprint">
<kw name="Close Window" owner="SeleniumLibrary">
<doc>Closes currently opened and selected browser window/tab.</doc>
<status status="PASS" start="2026-09-25T13:26:17.492247" elapsed="0.115748"/>
</kw>
<kw name="Switch Window" owner="SeleniumLibrary">
<arg>MAIN</arg>
<doc>Switches to browser window matching ``locator``.</doc>
<status status="PASS" start="2026-09-25T13:26:17.610540" elapsed="0.037303"/>
</kw>
<kw name="Run Keyword And Ignore Error" owner="BuiltIn">
<kw name="get_actual_frame" owner="Utils">
<kw name="Run Keyword And Ignore Error" owner="BuiltIn">
<kw name="Unselect Frame" owner="SeleniumLibrary">
<doc>Sets the main frame as the current frame.</doc>
<status status="PASS" start="2026-09-25T13:26:17.654889" elapsed="0.012926"/>
</kw>
<arg>Unselect Frame</arg>
<doc>Runs the given keyword with the given arguments and ignores possible errorw.</doc>
<status status="PASS" start="2026-09-25T13:26:17.652873" elapsed="0.014942"/>
</kw>
<kw name="Wait Until Element Is Enabled" owner="SeleniumLibrary">
<arg>${NAVIGATION}[IFR_CONTAINER]</arg>
<arg>${SYSTEM}[TIMEOUT_500]</arg>
<doc>Waits until the element ``locator`` is enabled.</doc>
<status status="PASS" start="2026-09-25T13:26:17.669827" elapsed="0.062745"/>
</kw>
<kw name="Get Element Count" owner="SeleniumLibrary">
<msg time="2026-09-25T13:26:17.746586" level="INFO">${count} = 2</msg>
<var>${count}</var>
<arg>${NAVIGATION}[IFR_CONTAINER]</arg>
<doc>Returns the number of elements matching ``locator``.</doc>
<status status="PASS" start="2026-09-25T13:26:17.733590" elapsed="0.012996"/>
</kw>
<kw name="Convert To String" owner="BuiltIn">
<msg time="2026-09-25T13:26:17.748600" level="INFO">${value} = 2</msg>
<var>${value}</var>
<arg>${count}</arg>
<doc>Converts the given item to a Unicode string.</doc>
<status status="PASS" start="2026-09-25T13:26:17.747589" elapsed="0.001011"/>
</kw>
<kw name="Replace Values" owner="Yggdrasil">
<msg time="2026-09-25T13:26:17.752016" level="INFO">${l_iframe} = //iframe[2]</msg>
<var>${l_iframe}</var>
<arg>${IFRAME_LIST}[IFRAME]</arg>
<arg>${value}</arg>
<doc>Replaces ``value`` in the given ``text``.</doc>
<status status="PASS" start="2026-09-25T13:26:17.749976" elapsed="0.004138"/>
</kw>
<kw name="Get Element Attribute" owner="SeleniumLibrary">
<msg time="2026-09-25T13:26:17.775611" level="INFO">${source} = https://10.59.10.213/oc/resource.root/bes/omni/standard/artificial/html/customerauth/customerauth.html?menuid=6013120160524101&amp;build=undefined</msg>
<var>${source}</var>
<arg>${l_iframe}</arg>
<arg>src</arg>
<doc>Returns the value of ``attribute`` from the element ``locator``.</doc>
<status status="PASS" start="2026-09-25T13:26:17.755128" elapsed="0.021495"/>
</kw>
<kw name="Wait Until Element Is Visible" owner="SeleniumLibrary">
<arg>${l_iframe}</arg>
<arg>${SYSTEM}[TIMEOUT_500]</arg>
<doc>Waits until the element ``locator`` is visible.</doc>
<status status="PASS" start="2026-09-25T13:26:17.776623" elapsed="0.047048"/>
</kw>
<kw name="Wait Until Keyword Succeeds" owner="BuiltIn">
<kw name="Select Frame" owner="SeleniumLibrary">
<msg time="2026-09-25T13:26:17.827690" level="INFO">Selecting frame '//iframe[2]'.</msg>
<arg>${l_iframe}</arg>
<doc>Sets frame identified by ``locator`` as the current frame.</doc>
<status status="PASS" start="2026-09-25T13:26:17.825681" elapsed="0.059861"/>
</kw>
<arg>5x</arg>
<arg>1min</arg>
<arg>Select Frame</arg>
<arg>${l_iframe}</arg>
<doc>Runs the specified keyword and retries if it fails.</doc>
<status status="PASS" start="2026-09-25T13:26:17.823671" elapsed="0.061871"/>
</kw>
<status status="PASS" start="2026-09-25T13:26:17.650868" elapsed="0.234674"/>
</kw>
<arg>Get_Actual_Frame</arg>
<doc>Runs the given keyword with the given arguments and ignores possible errorw.</doc>
<status status="PASS" start="2026-09-25T13:26:17.647843" elapsed="0.237699"/>
</kw>
<kw name="Step" owner="Utils">
<kw name="Evaluate" owner="BuiltIn">
<msg time="2026-09-25T13:26:17.886545" level="INFO">${STEP_NUMBER} = 7</msg>
<var>${STEP_NUMBER}</var>
<arg>${STEP_NUMBER} + 1</arg>
<doc>Evaluates the given expression in Python and returns the result.</doc>
<status status="PASS" start="2026-09-25T13:26:17.886545" elapsed="0.001520"/>
</kw>
<kw name="Set Suite Variable" owner="BuiltIn">
<msg time="2026-09-25T13:26:17.888065" level="INFO">${STEP_NUMBER} = 7</msg>
<arg>${STEP_NUMBER}</arg>
<doc>Makes the variable available everywhere within the scope of the current suite.</doc>
<status status="PASS" start="2026-09-25T13:26:17.888065" elapsed="0.000000"/>
</kw>
<kw name="Get Time" owner="BuiltIn">
<msg time="2026-09-25T13:26:17.891620" level="INFO">${timestamp} = 2026-09-25 13:26:17</msg>
<var>${timestamp}</var>
<arg>result_format=%Y%m%d_%H%M%S</arg>
<doc>Returns the given time in the requested format.</doc>
<status status="PASS" start="2026-09-25T13:26:17.889574" elapsed="0.002046"/>
</kw>
<kw name="Log To Console" owner="BuiltIn">
<arg>▶ Step ${STEP_NUMBER}: ${description}</arg>
<doc>Logs the given message to the console.</doc>
<status status="PASS" start="2026-09-25T13:26:17.891620" elapsed="0.001542"/>
</kw>
<kw name="Replace String Using Regexp" owner="String">
<msg time="2026-09-25T13:26:17.894216" level="INFO">${file_name} = 7_2026-09-25_13_26_17_Validar_fingerprint_y_cerrar_ventana.png</msg>
<var>${file_name}</var>
<arg>${STEP_NUMBER}_${timestamp}_${description}.png</arg>
<arg>[^a-zA-Z0-9_.-]</arg>
<arg>_</arg>
<doc>Replaces `pattern` in the given `string` with `replace_with`.</doc>
<status status="PASS" start="2026-09-25T13:26:17.894216" elapsed="0.001138"/>
</kw>
<kw name="Capture Page Screenshot" owner="SeleniumLibrary">
<msg time="2026-09-25T13:26:17.995355" level="INFO" html="true">&lt;/td&gt;&lt;/tr&gt;&lt;tr&gt;&lt;td colspan="3"&gt;&lt;a href="Cambio%20Oferta%20Primaria%20Sin%20Equipo/7_2026-09-25_13_26_17_Validar_fingerprint_y_cerrar_ventana.png"&gt;&lt;img src="Cambio%20Oferta%20Primaria%20Sin%20Equipo/7_2026-09-25_13_26_17_Validar_fingerprint_y_cerrar_ventana.png" width="800px"&gt;&lt;/a&gt;</msg>
<arg>${file_name}</arg>
<doc>Takes a screenshot of the current page and embeds it into a log file.</doc>
<status status="PASS" start="2026-09-25T13:26:17.895354" elapsed="0.101289"/>
</kw>
<arg>Validar fingerprint y cerrar ventana</arg>
<doc>Keyword que saca el numero de paso y captura evidencia
reemplazando el capture page screenshoot</doc>
<status status="PASS" start="2026-09-25T13:26:17.886545" elapsed="0.110098"/>
</kw>
<kw name="Run Keyword And Return Status" owner="BuiltIn">
<kw name="Wait Until Element Is Visible" owner="SeleniumLibrary">
<msg time="2026-09-25T13:26:23.119854" level="INFO" html="true">&lt;/td&gt;&lt;/tr&gt;&lt;tr&gt;&lt;td colspan="3"&gt;&lt;a href="Cambio%20Oferta%20Primaria%20Sin%20Equipo/selenium-screenshot-3.png"&gt;&lt;img src="Cambio%20Oferta%20Primaria%20Sin%20Equipo/selenium-screenshot-3.png" width="800px"&gt;&lt;/a&gt;</msg>
<msg time="2026-09-25T13:26:23.119854" level="FAIL">Element '//span[@class='uee-button uee-ui-ele uee-msgbox-ok']' not visible after 5 seconds.</msg>
<arg>${CLOSE_FINGERPRINT}[FP_ERROR_MSG]</arg>
<doc>Waits until the element ``locator`` is visible.</doc>
<status status="FAIL" start="2026-09-25T13:26:17.999817" elapsed="5.132231">Element '//span[@class='uee-button uee-ui-ele uee-msgbox-ok']' not visible after 5 seconds.</status>
</kw>
<msg time="2026-09-25T13:26:23.133075" level="INFO">${POPUP_FP} = False</msg>
<var>${POPUP_FP}</var>
<arg>Wait Until Element is Visible</arg>
<arg>${CLOSE_FINGERPRINT}[FP_ERROR_MSG]</arg>
<doc>Runs the specified keyword and returns the status as a Boolean value.</doc>
<status status="PASS" start="2026-09-25T13:26:17.996643" elapsed="5.136432"/>
</kw>
<kw name="Run Keyword If" owner="BuiltIn">
<arg>'${POPUP_FP}'=='True'</arg>
<arg>Click Element</arg>
<arg>${CLOSE_FINGERPRINT}[FP_ERROR_MSG]</arg>
<doc>Runs the given keyword with the given arguments, if `condition` is true.</doc>
<status status="PASS" start="2026-09-25T13:26:23.133075" elapsed="0.003234"/>
</kw>
<kw name="Sleep" owner="BuiltIn">
<msg time="2026-09-25T13:26:25.138409" level="INFO">Slept 2 seconds.</msg>
<arg>2s</arg>
<doc>Pauses execution for the given time.</doc>
<status status="PASS" start="2026-09-25T13:26:23.136309" elapsed="2.002100"/>
</kw>
<kw name="Run Keyword And Return Status" owner="BuiltIn">
<kw name="Wait Until Element Is Visible" owner="SeleniumLibrary">
<msg time="2026-09-25T13:26:31.616272" level="INFO" html="true">&lt;/td&gt;&lt;/tr&gt;&lt;tr&gt;&lt;td colspan="3"&gt;&lt;a href="Cambio%20Oferta%20Primaria%20Sin%20Equipo/selenium-screenshot-4.png"&gt;&lt;img src="Cambio%20Oferta%20Primaria%20Sin%20Equipo/selenium-screenshot-4.png" width="800px"&gt;&lt;/a&gt;</msg>
<msg time="2026-09-25T13:26:31.616272" level="FAIL">Element '//*[@id='besColResizer3']/tbody/tr[1]/td[6]/div/button' not visible after 5 seconds.</msg>
<arg>${CLOSE_FINGERPRINT}[BTN_SELECT]</arg>
<doc>Waits until the element ``locator`` is visible.</doc>
<status status="FAIL" start="2026-09-25T13:26:25.140971" elapsed="6.482076">Element '//*[@id='besColResizer3']/tbody/tr[1]/td[6]/div/button' not visible after 5 seconds.</status>
</kw>
<msg time="2026-09-25T13:26:31.623047" level="INFO">${Account1} = False</msg>
<var>${Account1}</var>
<arg>Wait Until Element Is Visible</arg>
<arg>${CLOSE_FINGERPRINT}[BTN_SELECT]</arg>
<doc>Runs the specified keyword and returns the status as a Boolean value.</doc>
<status status="PASS" start="2026-09-25T13:26:25.138409" elapsed="6.485935"/>
</kw>
<kw name="Run Keyword If" owner="BuiltIn">
<arg>'${Account1}'=='True'</arg>
<arg>Validation Select Account</arg>
<doc>Runs the given keyword with the given arguments, if `condition` is true.</doc>
<status status="PASS" start="2026-09-25T13:26:31.624344" elapsed="0.001069"/>
</kw>
<kw name="Sleep" owner="BuiltIn">
<msg time="2026-09-25T13:26:43.627047" level="INFO">Slept 12 seconds.</msg>
<arg>12s</arg>
<doc>Pauses execution for the given time.</doc>
<status status="PASS" start="2026-09-25T13:26:31.625413" elapsed="12.005926"/>
</kw>
<kw name="Unselect Frame" owner="SeleniumLibrary">
<doc>Sets the main frame as the current frame.</doc>
<status status="PASS" start="2026-09-25T13:26:43.631339" elapsed="3.901182"/>
</kw>
<doc>This keyword is to Close Fingerprint Window and continue with the Scenario.</doc>
<status status="PASS" start="2026-09-25T13:26:17.490737" elapsed="30.041784"/>
</kw>
<arg>${status} == True</arg>
<arg>Close Fingerprint</arg>
<doc>Runs the given keyword with the given arguments, if `condition` is true.</doc>
<status status="PASS" start="2026-09-25T13:26:17.489549" elapsed="30.042972"/>
</kw>
<status status="PASS" start="2026-09-25T13:26:07.465461" elapsed="40.067060"/>
</kw>
<doc>Realizar login en la aplicacion BES y realizar la busqueda de un suscriptor
*NOTE: This Gherkin component could be used for all the scripts*</doc>
<status status="PASS" start="2026-09-25T13:25:03.288503" elapsed="104.244018"/>
</kw>
<kw name="Then Cambio De Oferta Primaria" owner="Change_Primary_Offer">
<kw name="log_console_and_log" owner="Utils">
<kw name="Get Time" owner="BuiltIn">
<msg time="2026-09-25T13:26:47.547853" level="INFO">${_timestamp} = 2026-09-25 13:26:47</msg>
<var>${_timestamp}</var>
<doc>Returns the given time in the requested format.</doc>
<status status="PASS" start="2026-09-25T13:26:47.546346" elapsed="0.001507"/>
</kw>
<kw name="Log" owner="BuiltIn">
<msg time="2026-09-25T13:26:47.549862" level="INFO">*** MODULO DE CAMBIO DE OFERTA PRIMARIA ***</msg>
<arg>${message}</arg>
<doc>Logs the given message with the given level.</doc>
<status status="PASS" start="2026-09-25T13:26:47.548864" elapsed="0.002506"/>
</kw>
<kw name="Log To Console" owner="BuiltIn">
<arg>${_timestamp} -- ${message}</arg>
<doc>Logs the given message to the console.</doc>
<status status="PASS" start="2026-09-25T13:26:47.552376" elapsed="0.001993"/>
</kw>
<arg>*** MODULO DE CAMBIO DE OFERTA PRIMARIA ***</arg>
<doc>Allow us to enter a message both in console and in the log</doc>
<status status="PASS" start="2026-09-25T13:26:47.546346" elapsed="0.008023"/>
</kw>
<kw name="get_actual_frame" owner="Utils">
<kw name="Run Keyword And Ignore Error" owner="BuiltIn">
[...]
<status status="PASS" start="2026-09-25T13:27:45.785950" elapsed="0.016162"/>
</kw>
<kw name="Run Keyword And Ignore Error" owner="BuiltIn">
<kw name="Scroll Element Into View" owner="SeleniumLibrary">
<arg>${locator}</arg>
<doc>Scrolls the element identified by ``locator`` into view.</doc>
<status status="PASS" start="2026-09-25T13:27:45.804115" elapsed="3.727865"/>
</kw>
<msg time="2026-09-25T13:27:49.531980" level="INFO">${status2} = PASS</msg>
<msg time="2026-09-25T13:27:49.531980" level="INFO">${value2} = None</msg>
<var>${status2}</var>
<var>${value2}</var>
<arg>Scroll Element Into View</arg>
<arg>${locator}</arg>
<doc>Runs the given keyword with the given arguments and ignores possible errorw.</doc>
<status status="PASS" start="2026-09-25T13:27:45.802112" elapsed="3.729868"/>
</kw>
<kw name="Run Keyword If" owner="BuiltIn">
<arg>'${status1}' == 'FAIL' and '${status2}' == 'FAIL'</arg>
<arg>Run Keywords</arg>
<arg>Log</arg>
<arg>Element not found: ${locator}</arg>
<arg>AND</arg>
<arg>Fail</arg>
<arg>Element not found: ${locator}</arg>
<doc>Runs the given keyword with the given arguments, if `condition` is true.</doc>
<status status="PASS" start="2026-09-25T13:27:49.532992" elapsed="0.000999"/>
</kw>
<kw name="Get WebElement" owner="SeleniumLibrary">
<msg time="2026-09-25T13:27:57.584541" level="INFO">${WebElement} = &lt;selenium.webdriver.remote.webelement.WebElement (session="7305778a154c90a0efcd23902aa67b85", element="f.77212D4DF7D9C46E921573C3C7B6432A.d.8037FAF9F7BF27CED825C947D259C5AA.e.545")&gt;</msg>
<var>${WebElement}</var>
<arg>${locator}</arg>
<doc>Returns the first WebElement matching the given ``locator``.</doc>
<status status="PASS" start="2026-09-25T13:27:49.534988" elapsed="8.049553"/>
</kw>
<kw name="Highlight" owner="Yggdrasil">
<arg>${WebElement}</arg>
<doc>Highlights (blinks) a Selenium Webdriver element</doc>
<status status="PASS" start="2026-09-25T13:27:57.585539" elapsed="1.165390"/>
</kw>
<return>
<value>${status1}</value>
<status status="PASS" start="2026-09-25T13:27:58.750929" elapsed="0.001244"/>
</return>
<arg>${CHANGE_PRIMARY_OFFER}[PLAN_DETAILS]</arg>
<status status="PASS" start="2026-09-25T13:27:45.784913" elapsed="12.967260"/>
</kw>
<kw name="verify_element_is_present" owner="Utils">
<kw name="Run Keyword And Ignore Error" owner="BuiltIn">
<kw name="Wait Until Element Is Visible" owner="SeleniumLibrary">
<arg>${locator}</arg>
<arg>15s</arg>
<doc>Waits until the element ``locator`` is visible.</doc>
<status status="PASS" start="2026-09-25T13:27:58.753208" elapsed="0.024893"/>
</kw>
<msg time="2026-09-25T13:27:58.778101" level="INFO">${status1} = PASS</msg>
<msg time="2026-09-25T13:27:58.778101" level="INFO">${value1} = None</msg>
<var>${status1}</var>
<var>${value1}</var>
<arg>Wait Until Element Is Visible</arg>
<arg>${locator}</arg>
<arg>15s</arg>
<doc>Runs the given keyword with the given arguments and ignores possible errorw.</doc>
<status status="PASS" start="2026-09-25T13:27:58.753208" elapsed="0.024893"/>
</kw>
<kw name="Run Keyword And Ignore Error" owner="BuiltIn">
<kw name="Scroll Element Into View" owner="SeleniumLibrary">
<arg>${locator}</arg>
<doc>Scrolls the element identified by ``locator`` into view.</doc>
<status status="PASS" start="2026-09-25T13:27:58.809574" elapsed="0.863772"/>
</kw>
<msg time="2026-09-25T13:27:59.673346" level="INFO">${status2} = PASS</msg>
<msg time="2026-09-25T13:27:59.674358" level="INFO">${value2} = None</msg>
<var>${status2}</var>
<var>${value2}</var>
<arg>Scroll Element Into View</arg>
<arg>${locator}</arg>
<doc>Runs the given keyword with the given arguments and ignores possible errorw.</doc>
<status status="PASS" start="2026-09-25T13:27:58.793301" elapsed="0.881057"/>
</kw>
<kw name="Run Keyword If" owner="BuiltIn">
<arg>'${status1}' == 'FAIL' and '${status2}' == 'FAIL'</arg>
<arg>Run Keywords</arg>
<arg>Log</arg>
<arg>Element not found: ${locator}</arg>
<arg>AND</arg>
<arg>Fail</arg>
<arg>Element not found: ${locator}</arg>
<doc>Runs the given keyword with the given arguments, if `condition` is true.</doc>
<status status="PASS" start="2026-09-25T13:27:59.674358" elapsed="0.001986"/>
</kw>
<kw name="Get WebElement" owner="SeleniumLibrary">
<msg time="2026-09-25T13:27:59.691187" level="INFO">${WebElement} = &lt;selenium.webdriver.remote.webelement.WebElement (session="7305778a154c90a0efcd23902aa67b85", element="f.77212D4DF7D9C46E921573C3C7B6432A.d.8037FAF9F7BF27CED825C947D259C5AA.e.577")&gt;</msg>
<var>${WebElement}</var>
<arg>${locator}</arg>
<doc>Returns the first WebElement matching the given ``locator``.</doc>
<status status="PASS" start="2026-09-25T13:27:59.676344" elapsed="0.015844"/>
</kw>
<kw name="Highlight" owner="Yggdrasil">
<arg>${WebElement}</arg>
<doc>Highlights (blinks) a Selenium Webdriver element</doc>
<status status="PASS" start="2026-09-25T13:27:59.692188" elapsed="0.223239"/>
</kw>
<return>
<value>${status1}</value>
<status status="PASS" start="2026-09-25T13:27:59.915427" elapsed="0.000000"/>
</return>
<arg>${CHANGE_PRIMARY_OFFER}[SPECS]</arg>
<status status="PASS" start="2026-09-25T13:27:58.752173" elapsed="1.163254"/>
</kw>
<kw name="Step" owner="Utils">
<kw name="Evaluate" owner="BuiltIn">
<msg time="2026-09-25T13:27:59.923416" level="INFO">${STEP_NUMBER} = 12</msg>
<var>${STEP_NUMBER}</var>
<arg>${STEP_NUMBER} + 1</arg>
<doc>Evaluates the given expression in Python and returns the result.</doc>
<status status="PASS" start="2026-09-25T13:27:59.918139" elapsed="0.006333"/>
</kw>
<kw name="Set Suite Variable" owner="BuiltIn">
<msg time="2026-09-25T13:27:59.928038" level="INFO">${STEP_NUMBER} = 12</msg>
<arg>${STEP_NUMBER}</arg>
<doc>Makes the variable available everywhere within the scope of the current suite.</doc>
<status status="PASS" start="2026-09-25T13:27:59.925485" elapsed="0.004481"/>
</kw>
<kw name="Get Time" owner="BuiltIn">
<msg time="2026-09-25T13:27:59.935199" level="INFO">${timestamp} = 2026-09-25 13:27:59</msg>
<var>${timestamp}</var>
<arg>result_format=%Y%m%d_%H%M%S</arg>
<doc>Returns the given time in the requested format.</doc>
<status status="PASS" start="2026-09-25T13:27:59.933162" elapsed="0.003562"/>
</kw>
<kw name="Log To Console" owner="BuiltIn">
<arg>▶ Step ${STEP_NUMBER}: ${description}</arg>
<doc>Logs the given message to the console.</doc>
<status status="PASS" start="2026-09-25T13:27:59.937777" elapsed="0.002529"/>
</kw>
<kw name="Replace String Using Regexp" owner="String">
<msg time="2026-09-25T13:27:59.943450" level="INFO">${file_name} = 12_2026-09-25_13_27_59_Ingresamos_a_de_Detalles_del_Plan.png</msg>
<var>${file_name}</var>
<arg>${STEP_NUMBER}_${timestamp}_${description}.png</arg>
<arg>[^a-zA-Z0-9_.-]</arg>
<arg>_</arg>
<doc>Replaces `pattern` in the given `string` with `replace_with`.</doc>
<status status="PASS" start="2026-09-25T13:27:59.942314" elapsed="0.001136"/>
</kw>
<kw name="Capture Page Screenshot" owner="SeleniumLibrary">
<msg time="2026-09-25T13:28:00.064288" level="INFO" html="true">&lt;/td&gt;&lt;/tr&gt;&lt;tr&gt;&lt;td colspan="3"&gt;&lt;a href="Cambio%20Oferta%20Primaria%20Sin%20Equipo/12_2026-09-25_13_27_59_Ingresamos_a_de_Detalles_del_Plan.png"&gt;&lt;img src="Cambio%20Oferta%20Primaria%20Sin%20Equipo/12_2026-09-25_13_27_59_Ingresamos_a_de_Detalles_del_Plan.png" width="800px"&gt;&lt;/a&gt;</msg>
<arg>${file_name}</arg>
<doc>Takes a screenshot of the current page and embeds it into a log file.</doc>
<status status="PASS" start="2026-09-25T13:27:59.943450" elapsed="0.121836"/>
</kw>
<arg>Ingresamos a de Detalles del Plan</arg>
<doc>Keyword que saca el numero de paso y captura evidencia
reemplazando el capture page screenshoot</doc>
<status status="PASS" start="2026-09-25T13:27:59.916698" elapsed="0.148588"/>
</kw>
<doc>Valida los Detalles de la Oferta Primaria (PLAN)</doc>
<status status="PASS" start="2026-09-25T13:27:38.665731" elapsed="21.399555"/>
</kw>
<kw name="Run Keyword If" owner="BuiltIn">
<arg>'${ADD_SUPP_OFFER}'=='YES'</arg>
<arg>Seleccionar Oferta Suplementaria</arg>
<doc>Runs the given keyword with the given arguments, if `condition` is true.</doc>
<status status="PASS" start="2026-09-25T13:28:00.066283" elapsed="0.000000"/>
</kw>
<kw name="Run Keyword If" owner="BuiltIn">
<arg>'${REMOVE_SUPP_OFFER}'=='YES'</arg>
<arg>Dar de baja Oferta Suplementaria</arg>
<doc>Runs the given keyword with the given arguments, if `condition` is true.</doc>
<status status="PASS" start="2026-09-25T13:28:00.067794" elapsed="0.000000"/>
</kw>
<kw name="Run Keyword If" owner="BuiltIn">
<arg>'${DEVICE}'=='YES'</arg>
<arg>Seleccion de Oferta de Equipo</arg>
<doc>Runs the given keyword with the given arguments, if `condition` is true.</doc>
<status status="PASS" start="2026-09-25T13:28:00.068799" elapsed="0.000998"/>
</kw>
<kw name="Scroll Element Into View" owner="SeleniumLibrary">
<arg>${BUTTON}[NEXT]</arg>
<doc>Scrolls the element identified by ``locator`` into view.</doc>
<status status="PASS" start="2026-09-25T13:28:00.069797" elapsed="0.365706"/>
</kw>
<kw name="verify_element_is_present" owner="Utils">
<kw name="Run Keyword And Ignore Error" owner="BuiltIn">
<kw name="Wait Until Element Is Visible" owner="SeleniumLibrary">
<arg>${locator}</arg>
<arg>15s</arg>
<doc>Waits until the element ``locator`` is visible.</doc>
<status status="PASS" start="2026-09-25T13:28:00.437952" elapsed="0.018200"/>
</kw>
<msg time="2026-09-25T13:28:00.457198" level="INFO">${status1} = PASS</msg>
<msg time="2026-09-25T13:28:00.457198" level="INFO">${value1} = None</msg>
<var>${status1}</var>
<var>${value1}</var>
<arg>Wait Until Element Is Visible</arg>
<arg>${locator}</arg>
<arg>15s</arg>
<doc>Runs the given keyword with the given arguments and ignores possible errorw.</doc>
<status status="PASS" start="2026-09-25T13:28:00.436699" elapsed="0.020499"/>
</kw>
<kw name="Run Keyword And Ignore Error" owner="BuiltIn">
<kw name="Scroll Element Into View" owner="SeleniumLibrary">
<arg>${locator}</arg>
<doc>Scrolls the element identified by ``locator`` into view.</doc>
<status status="PASS" start="2026-09-25T13:28:00.458201" elapsed="0.329917"/>
</kw>
<msg time="2026-09-25T13:28:00.788654" level="INFO">${status2} = PASS</msg>
<msg time="2026-09-25T13:28:00.788654" level="INFO">${value2} = None</msg>
<var>${status2}</var>
<var>${value2}</var>
<arg>Scroll Element Into View</arg>
<arg>${locator}</arg>
<doc>Runs the given keyword with the given arguments and ignores possible errorw.</doc>
<status status="PASS" start="2026-09-25T13:28:00.458201" elapsed="0.330453"/>
</kw>
<kw name="Run Keyword If" owner="BuiltIn">
<arg>'${status1}' == 'FAIL' and '${status2}' == 'FAIL'</arg>
<arg>Run Keywords</arg>
<arg>Log</arg>
<arg>Element not found: ${locator}</arg>
<arg>AND</arg>
<arg>Fail</arg>
<arg>Element not found: ${locator}</arg>
<doc>Runs the given keyword with the given arguments, if `condition` is true.</doc>
<status status="PASS" start="2026-09-25T13:28:00.789661" elapsed="0.003022"/>
</kw>
<kw name="Get WebElement" owner="SeleniumLibrary">
<msg time="2026-09-25T13:28:00.821580" level="INFO">${WebElement} = &lt;selenium.webdriver.remote.webelement.WebElement (session="7305778a154c90a0efcd23902aa67b85", element="f.77212D4DF7D9C46E921573C3C7B6432A.d.8037FAF9F7BF27CED825C947D259C5AA.e.554")&gt;</msg>
<var>${WebElement}</var>
<arg>${locator}</arg>
<doc>Returns the first WebElement matching the given ``locator``.</doc>
<status status="PASS" start="2026-09-25T13:28:00.792683" elapsed="0.028897"/>
</kw>
<kw name="Highlight" owner="Yggdrasil">
<msg time="2026-09-25T13:28:44.944900" level="FAIL">TimeoutException: Message: script timeout
  (Session info: chrome=154.0.8037.57)
Stacktrace:
	chromedriver!GetHandleVerifier [0x7ff7db57be05+5a55]
	chromedriver!(No symbol) [0x7ff7db4a3230]
	chromedriver!(No symbol) [0x7ff7db2c6c46]
	chromedriver!(No symbol) [0x7ff7db3738fd]
	chromedriver!(No symbol) [0x7ff7db34ba6a]
	chromedriver!(No symbol) [0x7ff7db37267a]
	chromedriver!(No symbol) [0x7ff7db314412]
	chromedriver!(No symbol) [0x7ff7db315223]
	chromedriver!GetHandleVerifier [0x7ff7db98b1d1+414e21]
	chromedriver!GetHandleVerifier [0x7ff7db9b51fb+43ee4b]
	chromedriver!GetHandleVerifier [0x7ff7db9a96ce+43331e]
	chromedriver!GetHandleVerifier [0x7ff7db68015e+109dae]
	chromedriver!(No symbol) [0x7ff7db4b0e85]
	chromedriver!(No symbol) [0x7ff7db4abe14]
	chromedriver!(No symbol) [0x7ff7db4abfa4]
	chromedriver!(No symbol) [0x7ff7db496b0c]
	KERNEL32!BaseThreadInitThunk [0x7ff8b3bbcd87+17]
	ntdll!RtlUserThreadStart [0x7ff8b5b2caec+2c]
</msg>
<arg>${WebElement}</arg>
<doc>Highlights (blinks) a Selenium Webdriver element</doc>
<status status="FAIL" start="2026-09-25T13:28:00.822869" elapsed="44.161433">TimeoutException: Message: script timeout
  (Session info: chrome=154.0.8037.57)
Stacktrace:
	chromedriver!GetHandleVerifier [0x7ff7db57be05+5a55]
	chromedriver!(No symbol) [0x7ff7db4a3230]
	chromedriver!(No symbol) [0x7ff7db2c6c46]
	chromedriver!(No symbol) [0x7ff7db3738fd]
	chromedriver!(No symbol) [0x7ff7db34ba6a]
	chromedriver!(No symbol) [0x7ff7db37267a]
	chromedriver!(No symbol) [0x7ff7db314412]
	chromedriver!(No symbol) [0x7ff7db315223]
	chromedriver!GetHandleVerifier [0x7ff7db98b1d1+414e21]
	chromedriver!GetHandleVerifier [0x7ff7db9b51fb+43ee4b]
	chromedriver!GetHandleVerifier [0x7ff7db9a96ce+43331e]
	chromedriver!GetHandleVerifier [0x7ff7db68015e+109dae]
	chromedriver!(No symbol) [0x7ff7db4b0e85]
	chromedriver!(No symbol) [0x7ff7db4abe14]
	chromedriver!(No symbol) [0x7ff7db4abfa4]
	chromedriver!(No symbol) [0x7ff7db496b0c]
	KERNEL32!BaseThreadInitThunk [0x7ff8b3bbcd87+17]
	ntdll!RtlUserThreadStart [0x7ff8b5b2caec+2c]
</status>
</kw>
<return>
<value>${status1}</value>
<status status="NOT RUN" start="2026-09-25T13:28:44.984302" elapsed="0.000000"/>
</return>
<arg>${BUTTON}[NEXT]</arg>
<status status="FAIL" start="2026-09-25T13:28:00.435503" elapsed="44.548799">TimeoutException: Message: script timeout
  (Session info: chrome=154.0.8037.57)
Stacktrace:
	chromedriver!GetHandleVerifier [0x7ff7db57be05+5a55]
	chromedriver!(No symbol) [0x7ff7db4a3230]
	chromedriver!(No symbol) [0x7ff7db2c6c46]
	chromedriver!(No symbol) [0x7ff7db3738fd]
	chromedriver!(No symbol) [0x7ff7db34ba6a]
	chromedriver!(No symbol) [0x7ff7db37267a]
	chromedriver!(No symbol) [0x7ff7db314412]
	chromedriver!(No symbol) [0x7ff7db315223]
	chromedriver!GetHandleVerifier [0x7ff7db98b1d1+414e21]
	chromedriver!GetHandleVerifier [0x7ff7db9b51fb+43ee4b]
	chromedriver!GetHandleVerifier [0x7ff7db9a96ce+43331e]
	chromedriver!GetHandleVerifier [0x7ff7db68015e+109dae]
	chromedriver!(No symbol) [0x7ff7db4b0e85]
	chromedriver!(No symbol) [0x7ff7db4abe14]
	chromedriver!(No symbol) [0x7ff7db4abfa4]
	chromedriver!(No symbol) [0x7ff7db496b0c]
	KERNEL32!BaseThreadInitThunk [0x7ff8b3bbcd87+17]
	ntdll!RtlUserThreadStart [0x7ff8b5b2caec+2c]
</status>
</kw>
<kw name="Step" owner="Utils">
<arg>Click en boton siguiente</arg>
<doc>Keyword que saca el numero de paso y captura evidencia
reemplazando el capture page screenshoot</doc>
<status status="NOT RUN" start="2026-09-25T13:28:44.985306" elapsed="0.000000"/>
</kw>
<kw name="Click Button" owner="SeleniumLibrary">
<arg>${BUTTON}[NEXT]</arg>
<doc>Clicks the button identified by ``locator``.</doc>
<status status="NOT RUN" start="2026-09-25T13:28:44.985306" elapsed="0.001004"/>
</kw>
<kw name="Validar Modulo De Actividad De Promociones" owner="Change_Primary_Offer">
<doc>Keyword que valida si se muestra el modulo de actividad de promociones</doc>
<status status="NOT RUN" start="2026-09-25T13:28:44.986310" elapsed="0.000000"/>
</kw>
<doc>Keyword que realiza el cambio de oferta primaria, con la posibilidad de agregar o dar de baja una oferta suplementaria y agregar un equipo.</doc>
<status status="FAIL" start="2026-09-25T13:26:47.542018" elapsed="117.444292">TimeoutException: Message: script timeout
  (Session info: chrome=154.0.8037.57)
Stacktrace:
	chromedriver!GetHandleVerifier [0x7ff7db57be05+5a55]
	chromedriver!(No symbol) [0x7ff7db4a3230]
	chromedriver!(No symbol) [0x7ff7db2c6c46]
	chromedriver!(No symbol) [0x7ff7db3738fd]
	chromedriver!(No symbol) [0x7ff7db34ba6a]
	chromedriver!(No symbol) [0x7ff7db37267a]
	chromedriver!(No symbol) [0x7ff7db314412]
	chromedriver!(No symbol) [0x7ff7db315223]
	chromedriver!GetHandleVerifier [0x7ff7db98b1d1+414e21]
	chromedriver!GetHandleVerifier [0x7ff7db9b51fb+43ee4b]
	chromedriver!GetHandleVerifier [0x7ff7db9a96ce+43331e]
	chromedriver!GetHandleVerifier [0x7ff7db68015e+109dae]
	chromedriver!(No symbol) [0x7ff7db4b0e85]
	chromedriver!(No symbol) [0x7ff7db4abe14]
	chromedriver!(No symbol) [0x7ff7db4abfa4]
	chromedriver!(No symbol) [0x7ff7db496b0c]
	KERNEL32!BaseThreadInitThunk [0x7ff8b3bbcd87+17]
	ntdll!RtlUserThreadStart [0x7ff8b5b2caec+2c]
</status>
</kw>
<kw name="Then Verificacion de Detalles de Tarifa con Impresion de contratos" owner="Common">
<doc>Muestra el apartado de Detalles de Tarifa y realiza la impresion del contrato digital
realiza la impresion del contrato local y valida el estatus de la orden
*NOTE : This Gherkin component could be used for all the scripts*</doc>
<status status="NOT RUN" start="2026-09-25T13:28:44.991160" elapsed="0.003479"/>
</kw>
<kw name="And Logout De BES" owner="Common">
<doc>Realiza el logout de la aplicacion BES
*NOTE: This Gherkin component could be used for all the scripts*</doc>
<status status="NOT RUN" start="2026-09-25T13:28:44.996646" elapsed="0.003019"/>
</kw>
<doc>Validar cambio de oferta primaria sin equipo.
*Precondition:*
1. Credenciales de acceso validas del usuario al CRM.
2. Numero de suscriptor valido.

*Test Data:*
1. Credenciales de acceso validas del usuario al CRM.
2. Numero de suscriptor valido.</doc>
<tag>Change Primary Offer</tag>
<tag>Regresion</tag>
<status status="FAIL" start="2026-09-25T13:25:02.779297" elapsed="222.224442">TimeoutException: Message: script timeout
  (Session info: chrome=154.0.8037.57)
Stacktrace:
	chromedriver!GetHandleVerifier [0x7ff7db57be05+5a55]
	chromedriver!(No symbol) [0x7ff7db4a3230]
	chromedriver!(No symbol) [0x7ff7db2c6c46]
	chromedriver!(No symbol) [0x7ff7db3738fd]
	chromedriver!(No symbol) [0x7ff7db34ba6a]
	chromedriver!(No symbol) [0x7ff7db37267a]
	chromedriver!(No symbol) [0x7ff7db314412]
	chromedriver!(No symbol) [0x7ff7db315223]
	chromedriver!GetHandleVerifier [0x7ff7db98b1d1+414e21]
	chromedriver!GetHandleVerifier [0x7ff7db9b51fb+43ee4b]
	chromedriver!GetHandleVerifier [0x7ff7db9a96ce+43331e]
	chromedriver!GetHandleVerifier [0x7ff7db68015e+109dae]
	chromedriver!(No symbol) [0x7ff7db4b0e85]
	chromedriver!(No symbol) [0x7ff7db4abe14]
	chromedriver!(No symbol) [0x7ff7db4abfa4]
	chromedriver!(No symbol) [0x7ff7db496b0c]
	KERNEL32!BaseThreadInitThunk [0x7ff8b3bbcd87+17]
	ntdll!RtlUserThreadStart [0x7ff8b5b2caec+2c]
</status>
</test>
<doc>Esta suite contiene los test cases del archivo Change primary Offer.</doc>
<status status="FAIL" start="2026-09-25T13:25:00.919481" elapsed="224.126426"/>
</suite>
<status status="FAIL" start="2026-09-25T13:25:00.912026" elapsed="224.181569"/>
</suite>
<status status="FAIL" start="2026-09-25T13:25:00.827955" elapsed="224.280727"/>
</suite>
<statistics>
<total>
<stat pass="0" fail="1" skip="0">All Tests</stat>
</total>
<tag>
<stat pass="0" fail="1" skip="0">Change Primary Offer</stat>
<stat pass="0" fail="1" skip="0">Regresion</stat>
</tag>
<suite>
<stat name="Bes Telcel" id="s1" pass="0" fail="1" skip="0">Bes Telcel</stat>
<stat name="Tests" id="s1-s1" pass="0" fail="1" skip="0">Bes Telcel.Tests</stat>
<stat name="Change Primary Offer" id="s1-s1-s1" pass="0" fail="1" skip="0">Bes Telcel.Tests.Change Primary Offer</stat>
</suite>
</statistics>
<errors>
</errors>
</robot>
